00:02:19 : Starting plugin : WatchDog V.0.16
﻿00:02:19 : Creating watchdog for admin file...
﻿00:02:19 : Creating watchdog for command file...
﻿00:02:19 : Creating watchdog for badwords file...
﻿00:02:19 : Creating watchdog for badnames file...
﻿00:02:19 : Creating watchdog for BE filter files...
﻿00:02:23 : Rcon client logging in
﻿00:02:23 : RCon admin #0 (213.202.230.166:51871) logged in
﻿00:07:23 : RCon admin #0: (Global) Willkommen auf Livonia by TKO Gameserver 
﻿00:12:23 : RCon admin #0: (Global) !!! Achtung Base Maintain alle 14 Tage !!!
﻿00:16:13 : Player #1 Schnuller disconnected
﻿00:16:27 : Player #1 Schnuller (84.59.15.212:2332) connected
﻿00:16:28 : Player #1 Schnuller - BE GUID: 37dea37a438c1af1807a4c7cecb7afb1
﻿00:16:29 : Verified GUID (37dea37a438c1af1807a4c7cecb7afb1) of player #1 Schnuller
﻿00:17:23 : RCon admin #0: (Global) Willkommen auf Livonia by TKO Gameserver 
﻿00:17:24 : RCon admin #0: (Global) Besucht uns auch auf Chernerus 2035/ Weferlingen  
﻿00:22:23 : RCon admin #0: (Global) No whine and play fair 
﻿00:27:23 : RCon admin #0: (Global) Willkommen auf Livonia by TKO Gameserver 
﻿00:27:24 : RCon admin #0: (Global) Join on TS ts.tko-gameserver.de or visit discord.gg/rDxWpXb 
﻿00:28:00 : Player #2 [DNC]  Zodiak (93.220.119.106:2332) connected
﻿00:28:01 : Player #2 [DNC]  Zodiak - BE GUID: 778302d73cd05c60c8837cda67adfd5c
﻿00:28:02 : Verified GUID (778302d73cd05c60c8837cda67adfd5c) of player #2 [DNC]  Zodiak
﻿00:30:20 : Player #3 Aps  (88.130.52.231:21452) connected
﻿00:30:33 : Player #3 Aps  disconnected
﻿00:32:03 : Player #1 Schnuller disconnected
﻿00:32:13 : Player #3 Schnuller (84.59.15.212:2332) connected
﻿00:32:14 : Player #3 Schnuller - BE GUID: 37dea37a438c1af1807a4c7cecb7afb1
﻿00:32:15 : Verified GUID (37dea37a438c1af1807a4c7cecb7afb1) of player #3 Schnuller
﻿00:32:23 : RCon admin #0: (Global) !!! Achtung Base Maintain alle 14 Tage !!!
﻿00:32:24 : RCon admin #0: (Global) Für Fragen oder Probleme im TS ts.tko-gameserver.de melden 
﻿00:33:30 : Player #4 Aps  (88.130.52.231:21452) connected
﻿00:33:32 : Player #4 Aps  - BE GUID: 3b48d3d24085a2be49db5eab33670708
﻿00:33:32 : Verified GUID (3b48d3d24085a2be49db5eab33670708) of player #4 Aps 
﻿00:34:10 : Player #5 Der Franke - Otti (79.224.190.116:2304) connected
﻿00:34:11 : Player #5 Der Franke - Otti - BE GUID: 3515d10d7e223dc107097b76ea46fab5
﻿00:35:03 : Verified GUID (3515d10d7e223dc107097b76ea46fab5) of player #5 Der Franke - Otti
﻿00:35:04 : Player #5 Der Franke - Otti disconnected
﻿00:37:23 : RCon admin #0: (Global) Willkommen auf Livonia by TKO Gameserver 
﻿00:37:24 : RCon admin #0: (Global) Not allowed to Build on Building or Road 
﻿00:38:14 : Player #5 Der Franke - Otti (79.224.190.116:2332) connected
﻿00:38:15 : Player #5 Der Franke - Otti - BE GUID: 3515d10d7e223dc107097b76ea46fab5
﻿00:38:15 : Verified GUID (3515d10d7e223dc107097b76ea46fab5) of player #5 Der Franke - Otti
﻿00:41:04 : Player #0 Thomas disconnected
﻿00:42:23 : RCon admin #0: (Global) Besucht uns auch auf Chernerus 2035/ Weferlingen  
﻿00:42:24 : RCon admin #0: (Global) be careful ai have launcher 
﻿00:47:23 : RCon admin #0: (Global) Willkommen auf Livonia by TKO Gameserver 
﻿00:50:23 : RCon admin #0: (Global) No whine and play fair 
﻿00:50:54 : Player #5 Der Franke - Otti disconnected
﻿00:51:32 : Player #5 Der Franke - Otti (79.224.190.116:2332) connected
﻿00:51:33 : Player #5 Der Franke - Otti - BE GUID: 3515d10d7e223dc107097b76ea46fab5
﻿00:51:34 : Verified GUID (3515d10d7e223dc107097b76ea46fab5) of player #5 Der Franke - Otti
﻿00:52:23 : RCon admin #0: (Global) !!! Achtung Base Maintain alle 14 Tage !!!
﻿00:52:24 : RCon admin #0: (Global) schaut mal im TS vorbei:IP ts.tko-gameserver.de 
﻿00:57:23 : RCon admin #0: (Global) Willkommen auf Livonia by TKO Gameserver 
﻿00:57:24 : RCon admin #0: (Global) Join on TS ts.tko-gameserver.de or visit discord.gg/rDxWpXb 
﻿00:57:24 : RCon admin #0: (Global) Play Fair and have Fun 
﻿01:07:23 : RCon admin #0: (Global) Willkommen auf Livonia by TKO Gameserver 
﻿01:07:24 : RCon admin #0: (Global) Besucht uns auch auf Chernerus 2035/ Weferlingen  
﻿01:07:24 : RCon admin #0: (Global) Für Fragen oder Probleme im TS ts.tko-gameserver.de melden 
﻿01:12:23 : RCon admin #0: (Global) !!! Achtung Base Maintain alle 14 Tage !!!
﻿01:15:23 : RCon admin #0: (Global) Not allowed to Build on Building or Road 
﻿01:17:23 : RCon admin #0: (Global) Willkommen auf Livonia by TKO Gameserver 
﻿01:18:23 : RCon admin #0: (Global) No whine and play fair 
﻿01:22:23 : RCon admin #0: (Global) be careful ai have launcher 
﻿01:25:35 : Player #4 Aps  disconnected
﻿01:27:23 : RCon admin #0: (Global) Willkommen auf Livonia by TKO Gameserver 
﻿01:27:24 : RCon admin #0: (Global) Join on TS ts.tko-gameserver.de or visit discord.gg/rDxWpXb 
﻿01:28:08 : Player #6 Aps  (88.130.52.231:21452) connected
﻿01:28:10 : Player #6 Aps  - BE GUID: 3b48d3d24085a2be49db5eab33670708
﻿01:28:10 : Verified GUID (3b48d3d24085a2be49db5eab33670708) of player #6 Aps 
﻿01:32:23 : RCon admin #0: (Global) !!! Achtung Base Maintain alle 14 Tage !!!
﻿01:32:24 : RCon admin #0: (Global) Besucht uns auch auf Chernerus 2035/ Weferlingen  
﻿01:36:02 : Player #6 Aps  disconnected
﻿01:37:23 : RCon admin #0: (Global) Willkommen auf Livonia by TKO Gameserver 
﻿01:39:03 : Player #6 Aps  (88.130.52.174:3328) connected
﻿01:39:05 : Player #6 Aps  - BE GUID: 3b48d3d24085a2be49db5eab33670708
﻿01:39:06 : Verified GUID (3b48d3d24085a2be49db5eab33670708) of player #6 Aps 
﻿01:40:23 : RCon admin #0: (Global) schaut mal im TS vorbei:IP ts.tko-gameserver.de 
﻿01:42:23 : RCon admin #0: (Global) Für Fragen oder Probleme im TS ts.tko-gameserver.de melden 
﻿01:46:23 : RCon admin #0: (Global) No whine and play fair 
﻿01:47:23 : RCon admin #0: (Global) Willkommen auf Livonia by TKO Gameserver 
﻿01:47:24 : RCon admin #0: (Global) Play Fair and have Fun 
﻿01:52:23 : RCon admin #0: (Global) !!! Achtung Base Maintain alle 14 Tage !!!
﻿01:53:23 : RCon admin #0: (Global) Not allowed to Build on Building or Road 
﻿01:57:23 : RCon admin #0: (Global) Willkommen auf Livonia by TKO Gameserver 
﻿01:57:24 : RCon admin #0: (Global) Besucht uns auch auf Chernerus 2035/ Weferlingen  
﻿01:57:24 : RCon admin #0: (Global) Join on TS ts.tko-gameserver.de or visit discord.gg/rDxWpXb 
﻿02:02:23 : RCon admin #0: (Global) be careful ai have launcher 
﻿02:07:23 : RCon admin #0: (Global) Willkommen auf Livonia by TKO Gameserver 
﻿02:12:23 : RCon admin #0: (Global) !!! Achtung Base Maintain alle 14 Tage !!!
﻿02:14:23 : RCon admin #0: (Global) No whine and play fair 
﻿02:17:23 : RCon admin #0: (Global) Willkommen auf Livonia by TKO Gameserver 
﻿02:17:24 : RCon admin #0: (Global) Für Fragen oder Probleme im TS ts.tko-gameserver.de melden 
﻿02:22:23 : RCon admin #0: (Global) Besucht uns auch auf Chernerus 2035/ Weferlingen  
﻿02:27:23 : RCon admin #0: (Global) Willkommen auf Livonia by TKO Gameserver 
﻿02:27:24 : RCon admin #0: (Global) Join on TS ts.tko-gameserver.de or visit discord.gg/rDxWpXb 
﻿02:28:23 : RCon admin #0: (Global) schaut mal im TS vorbei:IP ts.tko-gameserver.de 
﻿02:31:23 : RCon admin #0: (Global) Not allowed to Build on Building or Road 
﻿02:32:23 : RCon admin #0: (Global) !!! Achtung Base Maintain alle 14 Tage !!!
﻿02:32:28 : Player #2 [DNC]  Zodiak disconnected
﻿02:37:23 : RCon admin #0: (Global) Willkommen auf Livonia by TKO Gameserver 
﻿02:37:24 : RCon admin #0: (Global) Play Fair and have Fun 
﻿02:42:23 : RCon admin #0: (Global) No whine and play fair 
﻿02:42:24 : RCon admin #0: (Global) be careful ai have launcher 
﻿02:47:23 : RCon admin #0: (Global) Willkommen auf Livonia by TKO Gameserver 
﻿02:47:24 : RCon admin #0: (Global) Besucht uns auch auf Chernerus 2035/ Weferlingen  
﻿02:52:23 : RCon admin #0: (Global) !!! Achtung Base Maintain alle 14 Tage !!!
﻿02:52:24 : RCon admin #0: (Global) Für Fragen oder Probleme im TS ts.tko-gameserver.de melden 
﻿02:54:27 : Player #3 Schnuller disconnected
﻿02:57:23 : RCon admin #0: (Global) Willkommen auf Livonia by TKO Gameserver 
﻿02:57:24 : RCon admin #0: (Global) Join on TS ts.tko-gameserver.de or visit discord.gg/rDxWpXb 
﻿03:03:02 : Player #6 Aps  disconnected
﻿03:05:41 : Player #5 Der Franke - Otti disconnected
﻿03:07:23 : RCon admin #0: (Global) Willkommen auf Livonia by TKO Gameserver 
﻿03:09:23 : RCon admin #0: (Global) Not allowed to Build on Building or Road 
﻿03:10:23 : RCon admin #0: (Global) No whine and play fair 
﻿03:12:23 : RCon admin #0: (Global) !!! Achtung Base Maintain alle 14 Tage !!!
﻿03:12:24 : RCon admin #0: (Global) Besucht uns auch auf Chernerus 2035/ Weferlingen  
﻿03:16:23 : RCon admin #0: (Global) schaut mal im TS vorbei:IP ts.tko-gameserver.de 
﻿03:17:23 : RCon admin #0: (Global) Willkommen auf Livonia by TKO Gameserver 
﻿03:22:23 : RCon admin #0: (Global) be careful ai have launcher 
﻿03:27:23 : RCon admin #0: (Global) Willkommen auf Livonia by TKO Gameserver 
﻿03:27:24 : RCon admin #0: (Global) Join on TS ts.tko-gameserver.de or visit discord.gg/rDxWpXb 
﻿03:27:24 : RCon admin #0: (Global) Für Fragen oder Probleme im TS ts.tko-gameserver.de melden 
﻿03:27:24 : RCon admin #0: (Global) Play Fair and have Fun 
﻿03:32:23 : RCon admin #0: (Global) !!! Achtung Base Maintain alle 14 Tage !!!
﻿03:37:23 : RCon admin #0: (Global) Willkommen auf Livonia by TKO Gameserver 
﻿03:37:24 : RCon admin #0: (Global) Besucht uns auch auf Chernerus 2035/ Weferlingen  
﻿03:38:23 : RCon admin #0: (Global) No whine and play fair 
﻿03:47:23 : RCon admin #0: (Global) Willkommen auf Livonia by TKO Gameserver 
﻿03:47:24 : RCon admin #0: (Global) Not allowed to Build on Building or Road 
﻿03:52:23 : RCon admin #0: (Global) !!! Achtung Base Maintain alle 14 Tage !!!
﻿03:57:23 : RCon admin #0: (Global) Willkommen auf Livonia by TKO Gameserver 
﻿03:57:24 : RCon admin #0: (Global) Join on TS ts.tko-gameserver.de or visit discord.gg/rDxWpXb 
﻿04:02:23 : RCon admin #0: (Global) Besucht uns auch auf Chernerus 2035/ Weferlingen  
﻿04:02:24 : RCon admin #0: (Global) Für Fragen oder Probleme im TS ts.tko-gameserver.de melden 
﻿04:02:24 : RCon admin #0: (Global) be careful ai have launcher 
﻿04:04:23 : RCon admin #0: (Global) schaut mal im TS vorbei:IP ts.tko-gameserver.de 
﻿04:06:23 : RCon admin #0: (Global) No whine and play fair 
﻿04:07:23 : RCon admin #0: (Global) Willkommen auf Livonia by TKO Gameserver 
﻿04:12:23 : RCon admin #0: (Global) !!! Achtung Base Maintain alle 14 Tage !!!
﻿04:17:23 : RCon admin #0: (Global) Willkommen auf Livonia by TKO Gameserver 
﻿04:17:24 : RCon admin #0: (Global) Play Fair and have Fun 
﻿04:25:23 : RCon admin #0: (Global) Not allowed to Build on Building or Road 
﻿04:27:23 : RCon admin #0: (Global) Willkommen auf Livonia by TKO Gameserver 
﻿04:27:24 : RCon admin #0: (Global) Besucht uns auch auf Chernerus 2035/ Weferlingen  
﻿04:27:24 : RCon admin #0: (Global) Join on TS ts.tko-gameserver.de or visit discord.gg/rDxWpXb 
﻿04:32:23 : RCon admin #0: (Global) !!! Achtung Base Maintain alle 14 Tage !!!
﻿04:34:23 : RCon admin #0: (Global) No whine and play fair 
﻿04:37:23 : RCon admin #0: (Global) Willkommen auf Livonia by TKO Gameserver 
﻿04:37:24 : RCon admin #0: (Global) Für Fragen oder Probleme im TS ts.tko-gameserver.de melden 
﻿04:42:23 : RCon admin #0: (Global) be careful ai have launcher 
﻿04:47:23 : RCon admin #0: (Global) Willkommen auf Livonia by TKO Gameserver 
﻿04:52:23 : RCon admin #0: (Global) !!! Achtung Base Maintain alle 14 Tage !!!
﻿04:52:24 : RCon admin #0: (Global) Besucht uns auch auf Chernerus 2035/ Weferlingen  
﻿04:52:24 : RCon admin #0: (Global) schaut mal im TS vorbei:IP ts.tko-gameserver.de 
﻿04:57:23 : RCon admin #0: (Global) Willkommen auf Livonia by TKO Gameserver 
﻿04:57:24 : RCon admin #0: (Global) Join on TS ts.tko-gameserver.de or visit discord.gg/rDxWpXb 
﻿05:02:23 : RCon admin #0: (Global) No whine and play fair 
﻿05:03:23 : RCon admin #0: (Global) Not allowed to Build on Building or Road 
﻿05:07:23 : RCon admin #0: (Global) Willkommen auf Livonia by TKO Gameserver 
﻿05:07:24 : RCon admin #0: (Global) Play Fair and have Fun 
﻿05:12:23 : RCon admin #0: (Global) !!! Achtung Base Maintain alle 14 Tage !!!
﻿05:12:24 : RCon admin #0: (Global) Für Fragen oder Probleme im TS ts.tko-gameserver.de melden 
﻿05:17:23 : RCon admin #0: (Global) Willkommen auf Livonia by TKO Gameserver 
﻿05:17:24 : RCon admin #0: (Global) Besucht uns auch auf Chernerus 2035/ Weferlingen  
﻿05:22:23 : RCon admin #0: (Global) be careful ai have launcher 
﻿05:27:23 : RCon admin #0: (Global) Willkommen auf Livonia by TKO Gameserver 
﻿05:27:24 : RCon admin #0: (Global) Join on TS ts.tko-gameserver.de or visit discord.gg/rDxWpXb 
﻿05:30:00 : RCon admin #0: (Global) Server startet in 30 Minuten neu!
﻿05:30:23 : RCon admin #0: (Global) No whine and play fair 
﻿05:32:23 : RCon admin #0: (Global) !!! Achtung Base Maintain alle 14 Tage !!!
﻿05:37:23 : RCon admin #0: (Global) Willkommen auf Livonia by TKO Gameserver 
﻿05:40:23 : RCon admin #0: (Global) schaut mal im TS vorbei:IP ts.tko-gameserver.de 
﻿05:41:23 : RCon admin #0: (Global) Not allowed to Build on Building or Road 
﻿05:42:23 : RCon admin #0: (Global) Besucht uns auch auf Chernerus 2035/ Weferlingen  
﻿05:45:00 : RCon admin #0: (Global) Server startet in 15 Minuten neu!
﻿05:47:23 : RCon admin #0: (Global) Willkommen auf Livonia by TKO Gameserver 
﻿05:47:24 : RCon admin #0: (Global) Für Fragen oder Probleme im TS ts.tko-gameserver.de melden 
﻿05:52:23 : RCon admin #0: (Global) !!! Achtung Base Maintain alle 14 Tage !!!
﻿05:57:23 : RCon admin #0: (Global) Willkommen auf Livonia by TKO Gameserver 
﻿05:57:24 : RCon admin #0: (Global) Join on TS ts.tko-gameserver.de or visit discord.gg/rDxWpXb 
﻿05:57:24 : RCon admin #0: (Global) Play Fair and have Fun 
﻿05:58:23 : RCon admin #0: (Global) No whine and play fair 
﻿05:59:00 : RCon admin #0: (Global) Server startet in einer Minute neu!
﻿06:02:09 : Starting plugin : WatchDog V.0.16
﻿06:02:09 : Creating watchdog for admin file...
﻿06:02:09 : Creating watchdog for command file...
﻿06:02:09 : Creating watchdog for badwords file...
﻿06:02:09 : Creating watchdog for badnames file...
﻿06:02:09 : Creating watchdog for BE filter files...
﻿06:02:13 : Rcon client logging in
﻿06:02:13 : RCon admin #0 (213.202.230.166:64734) logged in
﻿06:07:13 : RCon admin #0: (Global) Willkommen auf Livonia by TKO Gameserver 
﻿06:12:13 : RCon admin #0: (Global) !!! Achtung Base Maintain alle 14 Tage !!!
﻿06:17:13 : RCon admin #0: (Global) Willkommen auf Livonia by TKO Gameserver 
﻿06:17:14 : RCon admin #0: (Global) Besucht uns auch auf Chernerus 2035/ Weferlingen  
﻿06:22:13 : RCon admin #0: (Global) No whine and play fair 
﻿06:27:13 : RCon admin #0: (Global) Willkommen auf Livonia by TKO Gameserver 
﻿06:27:14 : RCon admin #0: (Global) Join on TS ts.tko-gameserver.de or visit discord.gg/rDxWpXb 
﻿06:32:13 : RCon admin #0: (Global) !!! Achtung Base Maintain alle 14 Tage !!!
﻿06:32:14 : RCon admin #0: (Global) Für Fragen oder Probleme im TS ts.tko-gameserver.de melden 
﻿06:37:13 : RCon admin #0: (Global) Willkommen auf Livonia by TKO Gameserver 
﻿06:37:14 : RCon admin #0: (Global) Not allowed to Build on Building or Road 
﻿06:42:13 : RCon admin #0: (Global) Besucht uns auch auf Chernerus 2035/ Weferlingen  
﻿06:42:14 : RCon admin #0: (Global) be careful ai have launcher 
﻿06:47:13 : RCon admin #0: (Global) Willkommen auf Livonia by TKO Gameserver 
﻿06:50:13 : RCon admin #0: (Global) No whine and play fair 
﻿06:52:13 : RCon admin #0: (Global) !!! Achtung Base Maintain alle 14 Tage !!!
﻿06:52:14 : RCon admin #0: (Global) schaut mal im TS vorbei:IP ts.tko-gameserver.de 
﻿06:57:13 : RCon admin #0: (Global) Willkommen auf Livonia by TKO Gameserver 
﻿06:57:14 : RCon admin #0: (Global) Join on TS ts.tko-gameserver.de or visit discord.gg/rDxWpXb 
﻿06:57:14 : RCon admin #0: (Global) Play Fair and have Fun 
﻿07:07:13 : RCon admin #0: (Global) Willkommen auf Livonia by TKO Gameserver 
﻿07:07:14 : RCon admin #0: (Global) Besucht uns auch auf Chernerus 2035/ Weferlingen  
﻿07:07:14 : RCon admin #0: (Global) Für Fragen oder Probleme im TS ts.tko-gameserver.de melden 
﻿07:12:13 : RCon admin #0: (Global) !!! Achtung Base Maintain alle 14 Tage !!!
﻿07:15:13 : RCon admin #0: (Global) Not allowed to Build on Building or Road 
﻿07:16:09 : Player #0 RlndPerry (102.176.201.96:2332) connected
﻿07:16:09 : Connected to BE Master
﻿07:16:11 : Player #0 RlndPerry - BE GUID: 79e4a2f3b638e370ec262a83ade310ff
﻿07:16:12 : Verified GUID (79e4a2f3b638e370ec262a83ade310ff) of player #0 RlndPerry
﻿07:17:13 : RCon admin #0: (Global) Willkommen auf Livonia by TKO Gameserver 
﻿07:18:13 : RCon admin #0: (Global) No whine and play fair 
﻿07:22:13 : RCon admin #0: (Global) be careful ai have launcher 
﻿07:27:13 : RCon admin #0: (Global) Willkommen auf Livonia by TKO Gameserver 
﻿07:27:14 : RCon admin #0: (Global) Join on TS ts.tko-gameserver.de or visit discord.gg/rDxWpXb 
﻿07:32:13 : RCon admin #0: (Global) !!! Achtung Base Maintain alle 14 Tage !!!
﻿07:32:14 : RCon admin #0: (Global) Besucht uns auch auf Chernerus 2035/ Weferlingen  
﻿07:37:13 : RCon admin #0: (Global) Willkommen auf Livonia by TKO Gameserver 
﻿07:40:13 : RCon admin #0: (Global) schaut mal im TS vorbei:IP ts.tko-gameserver.de 
﻿07:42:13 : RCon admin #0: (Global) Für Fragen oder Probleme im TS ts.tko-gameserver.de melden 
﻿07:46:13 : RCon admin #0: (Global) No whine and play fair 
﻿07:47:13 : RCon admin #0: (Global) Willkommen auf Livonia by TKO Gameserver 
﻿07:47:14 : RCon admin #0: (Global) Play Fair and have Fun 
﻿07:52:13 : RCon admin #0: (Global) !!! Achtung Base Maintain alle 14 Tage !!!
﻿07:53:13 : RCon admin #0: (Global) Not allowed to Build on Building or Road 
﻿07:57:13 : RCon admin #0: (Global) Willkommen auf Livonia by TKO Gameserver 
﻿07:57:14 : RCon admin #0: (Global) Besucht uns auch auf Chernerus 2035/ Weferlingen  
﻿07:57:14 : RCon admin #0: (Global) Join on TS ts.tko-gameserver.de or visit discord.gg/rDxWpXb 
﻿08:02:13 : RCon admin #0: (Global) be careful ai have launcher 
﻿08:07:13 : RCon admin #0: (Global) Willkommen auf Livonia by TKO Gameserver 
﻿08:12:13 : RCon admin #0: (Global) !!! Achtung Base Maintain alle 14 Tage !!!
﻿08:14:13 : RCon admin #0: (Global) No whine and play fair 
﻿08:17:13 : RCon admin #0: (Global) Willkommen auf Livonia by TKO Gameserver 
﻿08:17:14 : RCon admin #0: (Global) Für Fragen oder Probleme im TS ts.tko-gameserver.de melden 
﻿08:19:53 : Player #1 gRunt (84.44.151.97:2332) connected
﻿08:19:54 : Player #1 gRunt - BE GUID: 8df8e15dcb5150e6593383c2eaf6a5ed
﻿08:19:54 : Verified GUID (8df8e15dcb5150e6593383c2eaf6a5ed) of player #1 gRunt
﻿08:22:13 : RCon admin #0: (Global) Besucht uns auch auf Chernerus 2035/ Weferlingen  
﻿08:27:13 : RCon admin #0: (Global) Willkommen auf Livonia by TKO Gameserver 
﻿08:27:14 : RCon admin #0: (Global) Join on TS ts.tko-gameserver.de or visit discord.gg/rDxWpXb 
﻿08:28:13 : RCon admin #0: (Global) schaut mal im TS vorbei:IP ts.tko-gameserver.de 
﻿08:31:13 : RCon admin #0: (Global) Not allowed to Build on Building or Road 
﻿08:32:13 : RCon admin #0: (Global) !!! Achtung Base Maintain alle 14 Tage !!!
﻿08:36:23 : Player #0 RlndPerry disconnected
﻿08:37:08 : Player #2 Thomas (188.74.14.58:2332) connected
﻿08:37:09 : Player #2 Thomas - BE GUID: f1ea2b7e00f68c18d66620b2536542d2
﻿08:37:10 : Verified GUID (f1ea2b7e00f68c18d66620b2536542d2) of player #2 Thomas
﻿08:37:13 : RCon admin #0: (Global) Willkommen auf Livonia by TKO Gameserver 
﻿08:37:14 : RCon admin #0: (Global) Play Fair and have Fun 
﻿08:42:13 : RCon admin #0: (Global) No whine and play fair 
﻿08:42:14 : RCon admin #0: (Global) be careful ai have launcher 
﻿08:46:06 : Player #3 TheStainlessSteelRat (37.152.213.154:2332) connected
﻿08:46:08 : Player #3 TheStainlessSteelRat - BE GUID: 48dd5f996ba2b52994967e72568b4f82
﻿08:46:08 : Verified GUID (48dd5f996ba2b52994967e72568b4f82) of player #3 TheStainlessSteelRat
﻿08:47:13 : RCon admin #0: (Global) Willkommen auf Livonia by TKO Gameserver 
﻿08:47:14 : RCon admin #0: (Global) Besucht uns auch auf Chernerus 2035/ Weferlingen  
﻿08:52:13 : RCon admin #0: (Global) !!! Achtung Base Maintain alle 14 Tage !!!
﻿08:52:14 : RCon admin #0: (Global) Für Fragen oder Probleme im TS ts.tko-gameserver.de melden 
﻿08:57:13 : RCon admin #0: (Global) Willkommen auf Livonia by TKO Gameserver 
﻿08:57:14 : RCon admin #0: (Global) Join on TS ts.tko-gameserver.de or visit discord.gg/rDxWpXb 
﻿09:07:13 : RCon admin #0: (Global) Willkommen auf Livonia by TKO Gameserver 
﻿09:09:13 : RCon admin #0: (Global) Not allowed to Build on Building or Road 
﻿09:10:13 : RCon admin #0: (Global) No whine and play fair 
﻿09:12:13 : RCon admin #0: (Global) !!! Achtung Base Maintain alle 14 Tage !!!
﻿09:12:14 : RCon admin #0: (Global) Besucht uns auch auf Chernerus 2035/ Weferlingen  
﻿09:16:13 : RCon admin #0: (Global) schaut mal im TS vorbei:IP ts.tko-gameserver.de 
﻿09:17:13 : RCon admin #0: (Global) Willkommen auf Livonia by TKO Gameserver 
﻿09:22:13 : RCon admin #0: (Global) be careful ai have launcher 
﻿09:24:52 : Player #2 Thomas disconnected
﻿09:27:13 : RCon admin #0: (Global) Willkommen auf Livonia by TKO Gameserver 
﻿09:27:14 : RCon admin #0: (Global) Join on TS ts.tko-gameserver.de or visit discord.gg/rDxWpXb 
﻿09:27:14 : RCon admin #0: (Global) Für Fragen oder Probleme im TS ts.tko-gameserver.de melden 
﻿09:27:14 : RCon admin #0: (Global) Play Fair and have Fun 
﻿09:32:13 : RCon admin #0: (Global) !!! Achtung Base Maintain alle 14 Tage !!!
﻿09:35:21 : Player #1 gRunt disconnected
﻿09:37:13 : RCon admin #0: (Global) Willkommen auf Livonia by TKO Gameserver 
﻿09:37:14 : RCon admin #0: (Global) Besucht uns auch auf Chernerus 2035/ Weferlingen  
﻿09:37:32 : Player #4 gRunt (84.44.151.97:2332) connected
﻿09:37:34 : Player #4 gRunt - BE GUID: 8df8e15dcb5150e6593383c2eaf6a5ed
﻿09:37:34 : Verified GUID (8df8e15dcb5150e6593383c2eaf6a5ed) of player #4 gRunt
﻿09:38:13 : RCon admin #0: (Global) No whine and play fair 
﻿09:47:13 : RCon admin #0: (Global) Willkommen auf Livonia by TKO Gameserver 
﻿09:47:14 : RCon admin #0: (Global) Not allowed to Build on Building or Road 
﻿09:50:01 : Player #3 TheStainlessSteelRat disconnected
﻿09:52:13 : RCon admin #0: (Global) !!! Achtung Base Maintain alle 14 Tage !!!
﻿09:57:13 : RCon admin #0: (Global) Willkommen auf Livonia by TKO Gameserver 
﻿09:57:14 : RCon admin #0: (Global) Join on TS ts.tko-gameserver.de or visit discord.gg/rDxWpXb 
﻿10:02:13 : RCon admin #0: (Global) Besucht uns auch auf Chernerus 2035/ Weferlingen  
﻿10:02:14 : RCon admin #0: (Global) Für Fragen oder Probleme im TS ts.tko-gameserver.de melden 
﻿10:02:14 : RCon admin #0: (Global) be careful ai have launcher 
﻿10:04:13 : RCon admin #0: (Global) schaut mal im TS vorbei:IP ts.tko-gameserver.de 
﻿10:06:13 : RCon admin #0: (Global) No whine and play fair 
﻿10:07:13 : RCon admin #0: (Global) Willkommen auf Livonia by TKO Gameserver 
﻿10:12:13 : RCon admin #0: (Global) !!! Achtung Base Maintain alle 14 Tage !!!
﻿10:17:13 : RCon admin #0: (Global) Willkommen auf Livonia by TKO Gameserver 
﻿10:17:14 : RCon admin #0: (Global) Play Fair and have Fun 
﻿10:24:03 : Player #4 gRunt disconnected
﻿10:25:11 : Lost Connection!
﻿10:25:11 : Closing socket & exiting!
﻿10:27:29 : Starting plugin : WatchDog V.0.16
﻿10:27:29 : Creating watchdog for admin file...
﻿10:27:29 : Creating watchdog for command file...
﻿10:27:29 : Creating watchdog for badwords file...
﻿10:27:29 : Creating watchdog for badnames file...
﻿10:27:29 : Creating watchdog for BE filter files...
﻿10:27:33 : Rcon client logging in
﻿10:27:33 : RCon admin #0 (213.202.230.166:64734) logged in
﻿10:32:33 : RCon admin #0: (Global) Willkommen auf Livonia by TKO Gameserver 
﻿10:37:33 : RCon admin #0: (Global) !!! Achtung Base Maintain alle 14 Tage !!!
﻿10:42:33 : RCon admin #0: (Global) Willkommen auf Livonia by TKO Gameserver 
﻿10:42:34 : RCon admin #0: (Global) Besucht uns auch auf Chernerus 2035/ Weferlingen  
﻿10:47:33 : RCon admin #0: (Global) No whine and play fair 
﻿10:52:33 : RCon admin #0: (Global) Willkommen auf Livonia by TKO Gameserver 
﻿10:52:33 : RCon admin #0: (Global) Join on TS ts.tko-gameserver.de or visit discord.gg/rDxWpXb 
﻿10:57:33 : RCon admin #0: (Global) !!! Achtung Base Maintain alle 14 Tage !!!
﻿10:57:34 : RCon admin #0: (Global) Für Fragen oder Probleme im TS ts.tko-gameserver.de melden 
