18:54:57 : Starting plugin : WatchDog V.0.16
﻿18:54:57 : Creating watchdog for admin file...
﻿18:54:57 : Creating watchdog for command file...
﻿18:54:57 : Creating watchdog for badwords file...
﻿18:54:57 : Creating watchdog for badnames file...
﻿18:54:57 : Creating watchdog for BE filter files...
﻿18:55:01 : Rcon client logging in
﻿18:55:01 : RCon admin #0 (213.202.230.166:58905) logged in
﻿19:00:01 : RCon admin #0: (Global) Willkommen auf Livonia by TKO Gameserver 
﻿19:05:01 : RCon admin #0: (Global) !!! Achtung Base Maintain alle 14 Tage !!!
﻿19:10:01 : RCon admin #0: (Global) Willkommen auf Livonia by TKO Gameserver 
﻿19:10:01 : RCon admin #0: (Global) Besucht uns auch auf Chernerus 2035/ Weferlingen  
﻿19:15:01 : RCon admin #0: (Global) No whine and play fair 
﻿19:20:01 : RCon admin #0: (Global) Willkommen auf Livonia by TKO Gameserver 
﻿19:20:01 : RCon admin #0: (Global) Join on TS ts.tko-gameserver.de or visit discord.gg/rDxWpXb 
﻿19:25:01 : RCon admin #0: (Global) !!! Achtung Base Maintain alle 14 Tage !!!
﻿19:25:01 : RCon admin #0: (Global) Für Fragen oder Probleme im TS ts.tko-gameserver.de melden 
﻿19:25:13 : Lost Connection!
﻿19:25:13 : Closing socket & exiting!
﻿19:36:07 : Starting plugin : WatchDog V.0.16
﻿19:36:07 : Creating watchdog for admin file...
﻿19:36:07 : Creating watchdog for command file...
﻿19:36:07 : Creating watchdog for badwords file...
﻿19:36:07 : Creating watchdog for badnames file...
﻿19:36:07 : Creating watchdog for BE filter files...
﻿19:36:11 : Rcon client logging in
﻿19:36:11 : RCon admin #0 (213.202.230.166:65478) logged in
﻿19:41:11 : RCon admin #0: (Global) Willkommen auf Livonia by TKO Gameserver 
﻿19:46:11 : RCon admin #0: (Global) !!! Achtung Base Maintain alle 14 Tage !!!
﻿19:51:11 : RCon admin #0: (Global) Willkommen auf Livonia by TKO Gameserver 
﻿19:51:12 : RCon admin #0: (Global) Besucht uns auch auf Chernerus 2035/ Weferlingen  
﻿19:56:11 : RCon admin #0: (Global) No whine and play fair 
﻿20:01:11 : RCon admin #0: (Global) Willkommen auf Livonia by TKO Gameserver 
﻿20:01:12 : RCon admin #0: (Global) Join on TS ts.tko-gameserver.de or visit discord.gg/rDxWpXb 
﻿20:06:11 : RCon admin #0: (Global) !!! Achtung Base Maintain alle 14 Tage !!!
﻿20:06:11 : RCon admin #0: (Global) Für Fragen oder Probleme im TS ts.tko-gameserver.de melden 
﻿20:11:11 : RCon admin #0: (Global) Willkommen auf Livonia by TKO Gameserver 
﻿20:11:11 : RCon admin #0: (Global) Not allowed to Build on Building or Road 
﻿20:16:11 : RCon admin #0: (Global) Besucht uns auch auf Chernerus 2035/ Weferlingen  
﻿20:16:12 : RCon admin #0: (Global) be careful ai have launcher 
﻿20:21:11 : RCon admin #0: (Global) Willkommen auf Livonia by TKO Gameserver 
﻿20:24:11 : RCon admin #0: (Global) No whine and play fair 
﻿20:26:11 : RCon admin #0: (Global) !!! Achtung Base Maintain alle 14 Tage !!!
﻿20:26:12 : RCon admin #0: (Global) schaut mal im TS vorbei:IP ts.tko-gameserver.de 
﻿20:31:11 : RCon admin #0: (Global) Willkommen auf Livonia by TKO Gameserver 
﻿20:31:12 : RCon admin #0: (Global) Join on TS ts.tko-gameserver.de or visit discord.gg/rDxWpXb 
﻿20:31:12 : RCon admin #0: (Global) Play Fair and have Fun 
﻿20:41:11 : RCon admin #0: (Global) Willkommen auf Livonia by TKO Gameserver 
﻿20:41:12 : RCon admin #0: (Global) Besucht uns auch auf Chernerus 2035/ Weferlingen  
﻿20:41:12 : RCon admin #0: (Global) Für Fragen oder Probleme im TS ts.tko-gameserver.de melden 
﻿20:46:11 : RCon admin #0: (Global) !!! Achtung Base Maintain alle 14 Tage !!!
﻿20:49:11 : RCon admin #0: (Global) Not allowed to Build on Building or Road 
﻿20:51:11 : RCon admin #0: (Global) Willkommen auf Livonia by TKO Gameserver 
﻿20:52:11 : RCon admin #0: (Global) No whine and play fair 
﻿20:56:11 : RCon admin #0: (Global) be careful ai have launcher 
﻿21:00:47 : Player #0 Thomas (188.74.5.12:2332) connected
﻿21:00:47 : Connected to BE Master
﻿21:00:49 : Player #0 Thomas - BE GUID: f1ea2b7e00f68c18d66620b2536542d2
﻿21:00:49 : Verified GUID (f1ea2b7e00f68c18d66620b2536542d2) of player #0 Thomas
﻿21:01:11 : RCon admin #0: (Global) Willkommen auf Livonia by TKO Gameserver 
﻿21:01:11 : RCon admin #0: (Global) Join on TS ts.tko-gameserver.de or visit discord.gg/rDxWpXb 
﻿21:06:11 : RCon admin #0: (Global) Besucht uns auch auf Chernerus 2035/ Weferlingen  
﻿21:06:11 : RCon admin #0: (Global) !!! Achtung Base Maintain alle 14 Tage !!!
﻿21:11:11 : RCon admin #0: (Global) Willkommen auf Livonia by TKO Gameserver 
﻿21:14:11 : RCon admin #0: (Global) schaut mal im TS vorbei:IP ts.tko-gameserver.de 
﻿21:16:11 : RCon admin #0: (Global) Für Fragen oder Probleme im TS ts.tko-gameserver.de melden 
﻿21:20:11 : RCon admin #0: (Global) No whine and play fair 
﻿21:21:11 : RCon admin #0: (Global) Willkommen auf Livonia by TKO Gameserver 
﻿21:21:11 : RCon admin #0: (Global) Play Fair and have Fun 
﻿21:26:11 : RCon admin #0: (Global) !!! Achtung Base Maintain alle 14 Tage !!!
﻿21:27:11 : RCon admin #0: (Global) Not allowed to Build on Building or Road 
﻿21:29:30 : Lost Connection!
﻿21:29:30 : Closing socket & exiting!
﻿21:38:27 : Starting plugin : WatchDog V.0.16
﻿21:38:27 : Creating watchdog for admin file...
﻿21:38:27 : Creating watchdog for command file...
﻿21:38:27 : Creating watchdog for badwords file...
﻿21:38:27 : Creating watchdog for badnames file...
﻿21:38:27 : Creating watchdog for BE filter files...
﻿21:38:31 : Rcon client logging in
﻿21:38:31 : RCon admin #0 (213.202.230.166:64733) logged in
﻿21:38:49 : Player #0 Thomas (188.74.5.12:2332) connected
﻿21:38:50 : Connected to BE Master
﻿21:38:50 : Player #0 Thomas - BE GUID: f1ea2b7e00f68c18d66620b2536542d2
﻿21:38:51 : Verified GUID (f1ea2b7e00f68c18d66620b2536542d2) of player #0 Thomas
﻿21:43:31 : RCon admin #0: (Global) Willkommen auf Livonia by TKO Gameserver 
﻿21:48:31 : RCon admin #0: (Global) !!! Achtung Base Maintain alle 14 Tage !!!
﻿21:53:31 : RCon admin #0: (Global) Willkommen auf Livonia by TKO Gameserver 
﻿21:53:31 : RCon admin #0: (Global) Besucht uns auch auf Chernerus 2035/ Weferlingen  
﻿21:58:31 : RCon admin #0: (Global) No whine and play fair 
﻿22:03:31 : RCon admin #0: (Global) Willkommen auf Livonia by TKO Gameserver 
﻿22:03:31 : RCon admin #0: (Global) Join on TS ts.tko-gameserver.de or visit discord.gg/rDxWpXb 
﻿22:08:31 : RCon admin #0: (Global) !!! Achtung Base Maintain alle 14 Tage !!!
﻿22:08:31 : RCon admin #0: (Global) Für Fragen oder Probleme im TS ts.tko-gameserver.de melden 
﻿22:13:31 : RCon admin #0: (Global) Willkommen auf Livonia by TKO Gameserver 
﻿22:13:31 : RCon admin #0: (Global) Not allowed to Build on Building or Road 
﻿22:17:24 : Lost Connection!
﻿22:17:24 : Closing socket & exiting!
﻿22:20:23 : Starting plugin : WatchDog V.0.16
﻿22:20:23 : Creating watchdog for admin file...
﻿22:20:23 : Creating watchdog for command file...
﻿22:20:23 : Creating watchdog for badwords file...
﻿22:20:23 : Creating watchdog for badnames file...
﻿22:20:23 : Creating watchdog for BE filter files...
﻿22:20:27 : Rcon client logging in
﻿22:20:27 : RCon admin #0 (213.202.230.166:59328) logged in
﻿22:22:28 : Player #0 Thomas (188.74.5.12:2332) connected
﻿22:22:28 : Connected to BE Master
﻿22:22:29 : Player #0 Thomas - BE GUID: f1ea2b7e00f68c18d66620b2536542d2
﻿22:22:30 : Verified GUID (f1ea2b7e00f68c18d66620b2536542d2) of player #0 Thomas
﻿22:25:27 : RCon admin #0: (Global) Willkommen auf Livonia by TKO Gameserver 
﻿22:29:51 : Lost Connection!
﻿22:29:51 : Closing socket & exiting!
﻿22:31:43 : Starting plugin : WatchDog V.0.16
﻿22:31:43 : Creating watchdog for admin file...
﻿22:31:43 : Creating watchdog for command file...
﻿22:31:43 : Creating watchdog for badwords file...
﻿22:31:43 : Creating watchdog for badnames file...
﻿22:31:43 : Creating watchdog for BE filter files...
﻿22:31:47 : Rcon client logging in
﻿22:31:47 : RCon admin #0 (213.202.230.166:55579) logged in
﻿22:34:41 : Player #0 Thomas (188.74.5.12:2332) connected
﻿22:34:41 : Connected to BE Master
﻿22:34:42 : Player #0 Thomas - BE GUID: f1ea2b7e00f68c18d66620b2536542d2
﻿22:34:42 : Verified GUID (f1ea2b7e00f68c18d66620b2536542d2) of player #0 Thomas
﻿22:36:47 : RCon admin #0: (Global) Willkommen auf Livonia by TKO Gameserver 
﻿22:41:47 : RCon admin #0: (Global) !!! Achtung Base Maintain alle 14 Tage !!!
﻿22:46:47 : RCon admin #0: (Global) Willkommen auf Livonia by TKO Gameserver 
﻿22:46:48 : RCon admin #0: (Global) Besucht uns auch auf Chernerus 2035/ Weferlingen  
﻿22:51:47 : RCon admin #0: (Global) No whine and play fair 
﻿22:56:47 : RCon admin #0: (Global) Willkommen auf Livonia by TKO Gameserver 
﻿22:56:48 : RCon admin #0: (Global) Join on TS ts.tko-gameserver.de or visit discord.gg/rDxWpXb 
﻿23:01:47 : RCon admin #0: (Global) !!! Achtung Base Maintain alle 14 Tage !!!
﻿23:01:48 : RCon admin #0: (Global) Für Fragen oder Probleme im TS ts.tko-gameserver.de melden 
﻿23:06:47 : RCon admin #0: (Global) Willkommen auf Livonia by TKO Gameserver 
﻿23:06:48 : RCon admin #0: (Global) Not allowed to Build on Building or Road 
﻿23:09:30 : Player #0 Thomas disconnected
﻿23:11:47 : RCon admin #0: (Global) Besucht uns auch auf Chernerus 2035/ Weferlingen  
﻿23:11:48 : RCon admin #0: (Global) be careful ai have launcher 
﻿23:16:47 : RCon admin #0: (Global) Willkommen auf Livonia by TKO Gameserver 
﻿23:19:47 : RCon admin #0: (Global) No whine and play fair 
﻿23:21:47 : RCon admin #0: (Global) !!! Achtung Base Maintain alle 14 Tage !!!
﻿23:21:48 : RCon admin #0: (Global) schaut mal im TS vorbei:IP ts.tko-gameserver.de 
﻿23:26:47 : RCon admin #0: (Global) Willkommen auf Livonia by TKO Gameserver 
﻿23:26:48 : RCon admin #0: (Global) Join on TS ts.tko-gameserver.de or visit discord.gg/rDxWpXb 
﻿23:26:48 : RCon admin #0: (Global) Play Fair and have Fun 
﻿23:30:00 : RCon admin #0: (Global) Server startet in 30 Minuten neu!
﻿23:36:47 : RCon admin #0: (Global) Willkommen auf Livonia by TKO Gameserver 
﻿23:36:48 : RCon admin #0: (Global) Besucht uns auch auf Chernerus 2035/ Weferlingen  
﻿23:36:48 : RCon admin #0: (Global) Für Fragen oder Probleme im TS ts.tko-gameserver.de melden 
﻿23:41:47 : RCon admin #0: (Global) !!! Achtung Base Maintain alle 14 Tage !!!
﻿23:44:47 : RCon admin #0: (Global) Not allowed to Build on Building or Road 
﻿23:45:00 : RCon admin #0: (Global) Server startet in 15 Minuten neu!
﻿23:46:47 : RCon admin #0: (Global) Willkommen auf Livonia by TKO Gameserver 
﻿23:47:47 : RCon admin #0: (Global) No whine and play fair 
﻿23:51:47 : RCon admin #0: (Global) be careful ai have launcher 
﻿23:56:47 : RCon admin #0: (Global) Willkommen auf Livonia by TKO Gameserver 
﻿23:56:48 : RCon admin #0: (Global) Join on TS ts.tko-gameserver.de or visit discord.gg/rDxWpXb 
﻿23:59:00 : RCon admin #0: (Global) Server startet in einer Minute neu!
