00:00:02 : Lost Connection!
﻿00:00:02 : Closing socket & exiting!
﻿00:01:43 : Starting plugin : WatchDog V.0.16
﻿00:01:43 : Creating watchdog for admin file...
﻿00:01:43 : Creating watchdog for command file...
﻿00:01:43 : Creating watchdog for badwords file...
﻿00:01:43 : Creating watchdog for badnames file...
﻿00:01:43 : Creating watchdog for BE filter files...
﻿00:01:47 : Rcon client logging in
﻿00:01:47 : RCon admin #0 (213.202.230.166:50506) logged in
﻿00:06:47 : RCon admin #0: (Global) Willkommen auf Livonia by TKO Gameserver 
﻿00:11:47 : RCon admin #0: (Global) !!! Achtung Base Maintain alle 14 Tage !!!
﻿00:16:47 : RCon admin #0: (Global) Willkommen auf Livonia by TKO Gameserver 
﻿00:16:47 : RCon admin #0: (Global) Besucht uns auch auf Chernerus 2035/ Weferlingen  
﻿00:21:47 : RCon admin #0: (Global) No whine and play fair 
﻿00:26:47 : RCon admin #0: (Global) Willkommen auf Livonia by TKO Gameserver 
﻿00:26:47 : RCon admin #0: (Global) Join on TS ts.tko-gameserver.de or visit discord.gg/rDxWpXb 
﻿00:31:47 : RCon admin #0: (Global) !!! Achtung Base Maintain alle 14 Tage !!!
﻿00:31:47 : RCon admin #0: (Global) Für Fragen oder Probleme im TS ts.tko-gameserver.de melden 
﻿00:36:47 : RCon admin #0: (Global) Willkommen auf Livonia by TKO Gameserver 
﻿00:36:47 : RCon admin #0: (Global) Not allowed to Build on Building or Road 
﻿00:41:47 : RCon admin #0: (Global) Besucht uns auch auf Chernerus 2035/ Weferlingen  
﻿00:41:47 : RCon admin #0: (Global) be careful ai have launcher 
﻿00:46:47 : RCon admin #0: (Global) Willkommen auf Livonia by TKO Gameserver 
﻿00:49:47 : RCon admin #0: (Global) No whine and play fair 
﻿00:51:47 : RCon admin #0: (Global) !!! Achtung Base Maintain alle 14 Tage !!!
﻿00:51:47 : RCon admin #0: (Global) schaut mal im TS vorbei:IP ts.tko-gameserver.de 
﻿00:56:47 : RCon admin #0: (Global) Willkommen auf Livonia by TKO Gameserver 
﻿00:56:47 : RCon admin #0: (Global) Join on TS ts.tko-gameserver.de or visit discord.gg/rDxWpXb 
﻿00:56:48 : RCon admin #0: (Global) Play Fair and have Fun 
﻿01:06:47 : RCon admin #0: (Global) Willkommen auf Livonia by TKO Gameserver 
﻿01:06:47 : RCon admin #0: (Global) Besucht uns auch auf Chernerus 2035/ Weferlingen  
﻿01:06:48 : RCon admin #0: (Global) Für Fragen oder Probleme im TS ts.tko-gameserver.de melden 
﻿01:11:47 : RCon admin #0: (Global) !!! Achtung Base Maintain alle 14 Tage !!!
﻿01:14:47 : RCon admin #0: (Global) Not allowed to Build on Building or Road 
﻿01:16:47 : RCon admin #0: (Global) Willkommen auf Livonia by TKO Gameserver 
﻿01:17:47 : RCon admin #0: (Global) No whine and play fair 
﻿01:21:47 : RCon admin #0: (Global) be careful ai have launcher 
﻿01:26:47 : RCon admin #0: (Global) Willkommen auf Livonia by TKO Gameserver 
﻿01:26:47 : RCon admin #0: (Global) Join on TS ts.tko-gameserver.de or visit discord.gg/rDxWpXb 
﻿01:31:47 : RCon admin #0: (Global) !!! Achtung Base Maintain alle 14 Tage !!!
﻿01:31:47 : RCon admin #0: (Global) Besucht uns auch auf Chernerus 2035/ Weferlingen  
﻿01:36:47 : RCon admin #0: (Global) Willkommen auf Livonia by TKO Gameserver 
﻿01:39:47 : RCon admin #0: (Global) schaut mal im TS vorbei:IP ts.tko-gameserver.de 
﻿01:41:47 : RCon admin #0: (Global) Für Fragen oder Probleme im TS ts.tko-gameserver.de melden 
﻿01:45:47 : RCon admin #0: (Global) No whine and play fair 
﻿01:46:47 : RCon admin #0: (Global) Willkommen auf Livonia by TKO Gameserver 
﻿01:46:47 : RCon admin #0: (Global) Play Fair and have Fun 
﻿01:51:47 : RCon admin #0: (Global) !!! Achtung Base Maintain alle 14 Tage !!!
﻿01:52:47 : RCon admin #0: (Global) Not allowed to Build on Building or Road 
﻿01:56:47 : RCon admin #0: (Global) Willkommen auf Livonia by TKO Gameserver 
﻿01:56:47 : RCon admin #0: (Global) Besucht uns auch auf Chernerus 2035/ Weferlingen  
﻿01:56:48 : RCon admin #0: (Global) Join on TS ts.tko-gameserver.de or visit discord.gg/rDxWpXb 
﻿02:01:47 : RCon admin #0: (Global) be careful ai have launcher 
﻿02:06:47 : RCon admin #0: (Global) Willkommen auf Livonia by TKO Gameserver 
﻿02:11:47 : RCon admin #0: (Global) !!! Achtung Base Maintain alle 14 Tage !!!
﻿02:13:47 : RCon admin #0: (Global) No whine and play fair 
﻿02:16:47 : RCon admin #0: (Global) Willkommen auf Livonia by TKO Gameserver 
﻿02:16:47 : RCon admin #0: (Global) Für Fragen oder Probleme im TS ts.tko-gameserver.de melden 
﻿02:21:47 : RCon admin #0: (Global) Besucht uns auch auf Chernerus 2035/ Weferlingen  
﻿02:26:47 : RCon admin #0: (Global) Willkommen auf Livonia by TKO Gameserver 
﻿02:26:47 : RCon admin #0: (Global) Join on TS ts.tko-gameserver.de or visit discord.gg/rDxWpXb 
﻿02:27:47 : RCon admin #0: (Global) schaut mal im TS vorbei:IP ts.tko-gameserver.de 
﻿02:30:47 : RCon admin #0: (Global) Not allowed to Build on Building or Road 
﻿02:31:47 : RCon admin #0: (Global) !!! Achtung Base Maintain alle 14 Tage !!!
﻿02:36:47 : RCon admin #0: (Global) Willkommen auf Livonia by TKO Gameserver 
﻿02:36:47 : RCon admin #0: (Global) Play Fair and have Fun 
﻿02:41:47 : RCon admin #0: (Global) No whine and play fair 
﻿02:41:47 : RCon admin #0: (Global) be careful ai have launcher 
﻿02:46:47 : RCon admin #0: (Global) Willkommen auf Livonia by TKO Gameserver 
﻿02:46:47 : RCon admin #0: (Global) Besucht uns auch auf Chernerus 2035/ Weferlingen  
﻿02:51:47 : RCon admin #0: (Global) !!! Achtung Base Maintain alle 14 Tage !!!
﻿02:51:47 : RCon admin #0: (Global) Für Fragen oder Probleme im TS ts.tko-gameserver.de melden 
﻿02:56:47 : RCon admin #0: (Global) Willkommen auf Livonia by TKO Gameserver 
﻿02:56:47 : RCon admin #0: (Global) Join on TS ts.tko-gameserver.de or visit discord.gg/rDxWpXb 
﻿03:06:47 : RCon admin #0: (Global) Willkommen auf Livonia by TKO Gameserver 
﻿03:08:47 : RCon admin #0: (Global) Not allowed to Build on Building or Road 
﻿03:09:47 : RCon admin #0: (Global) No whine and play fair 
﻿03:11:47 : RCon admin #0: (Global) !!! Achtung Base Maintain alle 14 Tage !!!
﻿03:11:47 : RCon admin #0: (Global) Besucht uns auch auf Chernerus 2035/ Weferlingen  
﻿03:15:47 : RCon admin #0: (Global) schaut mal im TS vorbei:IP ts.tko-gameserver.de 
﻿03:16:47 : RCon admin #0: (Global) Willkommen auf Livonia by TKO Gameserver 
﻿03:21:47 : RCon admin #0: (Global) be careful ai have launcher 
﻿03:26:47 : RCon admin #0: (Global) Willkommen auf Livonia by TKO Gameserver 
﻿03:26:47 : RCon admin #0: (Global) Join on TS ts.tko-gameserver.de or visit discord.gg/rDxWpXb 
﻿03:26:48 : RCon admin #0: (Global) Für Fragen oder Probleme im TS ts.tko-gameserver.de melden 
﻿03:26:48 : RCon admin #0: (Global) Play Fair and have Fun 
﻿03:31:47 : RCon admin #0: (Global) !!! Achtung Base Maintain alle 14 Tage !!!
﻿03:36:47 : RCon admin #0: (Global) Willkommen auf Livonia by TKO Gameserver 
﻿03:36:47 : RCon admin #0: (Global) Besucht uns auch auf Chernerus 2035/ Weferlingen  
﻿03:37:47 : RCon admin #0: (Global) No whine and play fair 
﻿03:46:47 : RCon admin #0: (Global) Willkommen auf Livonia by TKO Gameserver 
﻿03:46:47 : RCon admin #0: (Global) Not allowed to Build on Building or Road 
﻿03:51:47 : RCon admin #0: (Global) !!! Achtung Base Maintain alle 14 Tage !!!
﻿03:56:47 : RCon admin #0: (Global) Willkommen auf Livonia by TKO Gameserver 
﻿03:56:47 : RCon admin #0: (Global) Join on TS ts.tko-gameserver.de or visit discord.gg/rDxWpXb 
﻿04:01:47 : RCon admin #0: (Global) Besucht uns auch auf Chernerus 2035/ Weferlingen  
﻿04:01:47 : RCon admin #0: (Global) Für Fragen oder Probleme im TS ts.tko-gameserver.de melden 
﻿04:01:48 : RCon admin #0: (Global) be careful ai have launcher 
﻿04:03:47 : RCon admin #0: (Global) schaut mal im TS vorbei:IP ts.tko-gameserver.de 
﻿04:05:47 : RCon admin #0: (Global) No whine and play fair 
﻿04:06:47 : RCon admin #0: (Global) Willkommen auf Livonia by TKO Gameserver 
﻿04:11:47 : RCon admin #0: (Global) !!! Achtung Base Maintain alle 14 Tage !!!
﻿04:16:47 : RCon admin #0: (Global) Willkommen auf Livonia by TKO Gameserver 
﻿04:16:47 : RCon admin #0: (Global) Play Fair and have Fun 
﻿04:24:47 : RCon admin #0: (Global) Not allowed to Build on Building or Road 
﻿04:26:47 : RCon admin #0: (Global) Willkommen auf Livonia by TKO Gameserver 
﻿04:26:47 : RCon admin #0: (Global) Besucht uns auch auf Chernerus 2035/ Weferlingen  
﻿04:26:48 : RCon admin #0: (Global) Join on TS ts.tko-gameserver.de or visit discord.gg/rDxWpXb 
﻿04:31:47 : RCon admin #0: (Global) !!! Achtung Base Maintain alle 14 Tage !!!
﻿04:33:47 : RCon admin #0: (Global) No whine and play fair 
﻿04:36:47 : RCon admin #0: (Global) Willkommen auf Livonia by TKO Gameserver 
﻿04:36:47 : RCon admin #0: (Global) Für Fragen oder Probleme im TS ts.tko-gameserver.de melden 
﻿04:41:47 : RCon admin #0: (Global) be careful ai have launcher 
﻿04:46:47 : RCon admin #0: (Global) Willkommen auf Livonia by TKO Gameserver 
﻿04:51:47 : RCon admin #0: (Global) !!! Achtung Base Maintain alle 14 Tage !!!
﻿04:51:47 : RCon admin #0: (Global) Besucht uns auch auf Chernerus 2035/ Weferlingen  
﻿04:51:48 : RCon admin #0: (Global) schaut mal im TS vorbei:IP ts.tko-gameserver.de 
﻿04:56:47 : RCon admin #0: (Global) Willkommen auf Livonia by TKO Gameserver 
﻿04:56:47 : RCon admin #0: (Global) Join on TS ts.tko-gameserver.de or visit discord.gg/rDxWpXb 
﻿05:01:47 : RCon admin #0: (Global) No whine and play fair 
﻿05:02:47 : RCon admin #0: (Global) Not allowed to Build on Building or Road 
﻿05:06:47 : RCon admin #0: (Global) Willkommen auf Livonia by TKO Gameserver 
﻿05:06:47 : RCon admin #0: (Global) Play Fair and have Fun 
﻿05:11:47 : RCon admin #0: (Global) !!! Achtung Base Maintain alle 14 Tage !!!
﻿05:11:47 : RCon admin #0: (Global) Für Fragen oder Probleme im TS ts.tko-gameserver.de melden 
﻿05:16:47 : RCon admin #0: (Global) Willkommen auf Livonia by TKO Gameserver 
﻿05:16:47 : RCon admin #0: (Global) Besucht uns auch auf Chernerus 2035/ Weferlingen  
﻿05:21:47 : RCon admin #0: (Global) be careful ai have launcher 
﻿05:26:47 : RCon admin #0: (Global) Willkommen auf Livonia by TKO Gameserver 
﻿05:26:47 : RCon admin #0: (Global) Join on TS ts.tko-gameserver.de or visit discord.gg/rDxWpXb 
﻿05:29:47 : RCon admin #0: (Global) No whine and play fair 
﻿05:30:00 : RCon admin #0: (Global) Server startet in 30 Minuten neu!
﻿05:31:47 : RCon admin #0: (Global) !!! Achtung Base Maintain alle 14 Tage !!!
﻿05:36:47 : RCon admin #0: (Global) Willkommen auf Livonia by TKO Gameserver 
﻿05:39:47 : RCon admin #0: (Global) schaut mal im TS vorbei:IP ts.tko-gameserver.de 
﻿05:40:47 : RCon admin #0: (Global) Not allowed to Build on Building or Road 
﻿05:41:47 : RCon admin #0: (Global) Besucht uns auch auf Chernerus 2035/ Weferlingen  
﻿05:45:00 : RCon admin #0: (Global) Server startet in 15 Minuten neu!
﻿05:46:47 : RCon admin #0: (Global) Willkommen auf Livonia by TKO Gameserver 
﻿05:46:47 : RCon admin #0: (Global) Für Fragen oder Probleme im TS ts.tko-gameserver.de melden 
﻿05:51:47 : RCon admin #0: (Global) !!! Achtung Base Maintain alle 14 Tage !!!
﻿05:56:47 : RCon admin #0: (Global) Willkommen auf Livonia by TKO Gameserver 
﻿05:56:47 : RCon admin #0: (Global) Join on TS ts.tko-gameserver.de or visit discord.gg/rDxWpXb 
﻿05:56:48 : RCon admin #0: (Global) Play Fair and have Fun 
﻿05:57:47 : RCon admin #0: (Global) No whine and play fair 
﻿05:59:00 : RCon admin #0: (Global) Server startet in einer Minute neu!
﻿06:00:02 : Lost Connection!
﻿06:00:02 : Closing socket & exiting!
﻿06:01:43 : Starting plugin : WatchDog V.0.16
﻿06:01:43 : Creating watchdog for admin file...
﻿06:01:43 : Creating watchdog for command file...
﻿06:01:43 : Creating watchdog for badwords file...
﻿06:01:43 : Creating watchdog for badnames file...
﻿06:01:43 : Creating watchdog for BE filter files...
﻿06:01:47 : Rcon client logging in
﻿06:01:47 : RCon admin #0 (213.202.230.166:52748) logged in
﻿06:06:47 : RCon admin #0: (Global) Willkommen auf Livonia by TKO Gameserver 
﻿06:11:47 : RCon admin #0: (Global) !!! Achtung Base Maintain alle 14 Tage !!!
﻿06:16:47 : RCon admin #0: (Global) Willkommen auf Livonia by TKO Gameserver 
﻿06:16:48 : RCon admin #0: (Global) Besucht uns auch auf Chernerus 2035/ Weferlingen  
﻿06:21:47 : RCon admin #0: (Global) No whine and play fair 
﻿06:26:47 : RCon admin #0: (Global) Willkommen auf Livonia by TKO Gameserver 
﻿06:26:47 : RCon admin #0: (Global) Join on TS ts.tko-gameserver.de or visit discord.gg/rDxWpXb 
﻿06:31:47 : RCon admin #0: (Global) !!! Achtung Base Maintain alle 14 Tage !!!
﻿06:31:48 : RCon admin #0: (Global) Für Fragen oder Probleme im TS ts.tko-gameserver.de melden 
﻿06:36:47 : RCon admin #0: (Global) Willkommen auf Livonia by TKO Gameserver 
﻿06:36:48 : RCon admin #0: (Global) Not allowed to Build on Building or Road 
﻿06:41:47 : RCon admin #0: (Global) Besucht uns auch auf Chernerus 2035/ Weferlingen  
﻿06:41:48 : RCon admin #0: (Global) be careful ai have launcher 
﻿06:46:47 : RCon admin #0: (Global) Willkommen auf Livonia by TKO Gameserver 
﻿06:49:47 : RCon admin #0: (Global) No whine and play fair 
﻿06:51:47 : RCon admin #0: (Global) !!! Achtung Base Maintain alle 14 Tage !!!
﻿06:51:48 : RCon admin #0: (Global) schaut mal im TS vorbei:IP ts.tko-gameserver.de 
﻿06:56:47 : RCon admin #0: (Global) Willkommen auf Livonia by TKO Gameserver 
﻿06:56:48 : RCon admin #0: (Global) Join on TS ts.tko-gameserver.de or visit discord.gg/rDxWpXb 
﻿06:56:48 : RCon admin #0: (Global) Play Fair and have Fun 
﻿07:06:47 : RCon admin #0: (Global) Willkommen auf Livonia by TKO Gameserver 
﻿07:06:48 : RCon admin #0: (Global) Besucht uns auch auf Chernerus 2035/ Weferlingen  
﻿07:06:48 : RCon admin #0: (Global) Für Fragen oder Probleme im TS ts.tko-gameserver.de melden 
﻿07:11:47 : RCon admin #0: (Global) !!! Achtung Base Maintain alle 14 Tage !!!
﻿07:14:47 : RCon admin #0: (Global) Not allowed to Build on Building or Road 
﻿07:16:47 : RCon admin #0: (Global) Willkommen auf Livonia by TKO Gameserver 
﻿07:17:47 : RCon admin #0: (Global) No whine and play fair 
﻿07:21:47 : RCon admin #0: (Global) be careful ai have launcher 
﻿07:26:47 : RCon admin #0: (Global) Willkommen auf Livonia by TKO Gameserver 
﻿07:26:48 : RCon admin #0: (Global) Join on TS ts.tko-gameserver.de or visit discord.gg/rDxWpXb 
﻿07:31:47 : RCon admin #0: (Global) !!! Achtung Base Maintain alle 14 Tage !!!
﻿07:31:48 : RCon admin #0: (Global) Besucht uns auch auf Chernerus 2035/ Weferlingen  
﻿07:36:47 : RCon admin #0: (Global) Willkommen auf Livonia by TKO Gameserver 
﻿07:39:47 : RCon admin #0: (Global) schaut mal im TS vorbei:IP ts.tko-gameserver.de 
﻿07:41:47 : RCon admin #0: (Global) Für Fragen oder Probleme im TS ts.tko-gameserver.de melden 
﻿07:45:47 : RCon admin #0: (Global) No whine and play fair 
﻿07:46:47 : RCon admin #0: (Global) Willkommen auf Livonia by TKO Gameserver 
﻿07:46:48 : RCon admin #0: (Global) Play Fair and have Fun 
﻿07:51:47 : RCon admin #0: (Global) !!! Achtung Base Maintain alle 14 Tage !!!
﻿07:52:47 : RCon admin #0: (Global) Not allowed to Build on Building or Road 
﻿07:56:47 : RCon admin #0: (Global) Willkommen auf Livonia by TKO Gameserver 
﻿07:56:48 : RCon admin #0: (Global) Besucht uns auch auf Chernerus 2035/ Weferlingen  
﻿07:56:48 : RCon admin #0: (Global) Join on TS ts.tko-gameserver.de or visit discord.gg/rDxWpXb 
﻿08:01:47 : RCon admin #0: (Global) be careful ai have launcher 
﻿08:06:47 : RCon admin #0: (Global) Willkommen auf Livonia by TKO Gameserver 
﻿08:10:18 : Player #0 Thomas (188.74.15.120:2332) connected
﻿08:10:18 : Connected to BE Master
﻿08:10:19 : Player #0 Thomas - BE GUID: f1ea2b7e00f68c18d66620b2536542d2
﻿08:10:19 : Verified GUID (f1ea2b7e00f68c18d66620b2536542d2) of player #0 Thomas
﻿08:11:47 : RCon admin #0: (Global) !!! Achtung Base Maintain alle 14 Tage !!!
﻿08:13:47 : RCon admin #0: (Global) No whine and play fair 
﻿08:15:50 : Lost Connection!
﻿08:15:50 : Closing socket & exiting!
﻿08:17:43 : Starting plugin : WatchDog V.0.16
﻿08:17:43 : Creating watchdog for admin file...
﻿08:17:43 : Creating watchdog for command file...
﻿08:17:43 : Creating watchdog for badwords file...
﻿08:17:43 : Creating watchdog for badnames file...
﻿08:17:43 : Creating watchdog for BE filter files...
﻿08:17:47 : Rcon client logging in
﻿08:17:47 : RCon admin #0 (213.202.230.166:64733) logged in
﻿08:17:58 : Player #0 Thomas (188.74.15.120:2332) connected
﻿08:17:58 : Connected to BE Master
﻿08:17:59 : Player #0 Thomas - BE GUID: f1ea2b7e00f68c18d66620b2536542d2
﻿08:17:59 : Verified GUID (f1ea2b7e00f68c18d66620b2536542d2) of player #0 Thomas
﻿08:22:47 : RCon admin #0: (Global) Willkommen auf Livonia by TKO Gameserver 
﻿08:27:47 : RCon admin #0: (Global) !!! Achtung Base Maintain alle 14 Tage !!!
﻿08:32:47 : RCon admin #0: (Global) Willkommen auf Livonia by TKO Gameserver 
﻿08:32:47 : RCon admin #0: (Global) Besucht uns auch auf Chernerus 2035/ Weferlingen  
﻿08:37:47 : RCon admin #0: (Global) No whine and play fair 
﻿08:42:47 : RCon admin #0: (Global) Willkommen auf Livonia by TKO Gameserver 
﻿08:42:47 : RCon admin #0: (Global) Join on TS ts.tko-gameserver.de or visit discord.gg/rDxWpXb 
﻿08:47:47 : RCon admin #0: (Global) !!! Achtung Base Maintain alle 14 Tage !!!
﻿08:47:47 : RCon admin #0: (Global) Für Fragen oder Probleme im TS ts.tko-gameserver.de melden 
﻿08:52:47 : RCon admin #0: (Global) Willkommen auf Livonia by TKO Gameserver 
﻿08:52:47 : RCon admin #0: (Global) Not allowed to Build on Building or Road 
﻿08:57:47 : RCon admin #0: (Global) Besucht uns auch auf Chernerus 2035/ Weferlingen  
﻿08:57:47 : RCon admin #0: (Global) be careful ai have launcher 
﻿09:02:47 : RCon admin #0: (Global) Willkommen auf Livonia by TKO Gameserver 
﻿09:05:47 : RCon admin #0: (Global) No whine and play fair 
﻿09:07:47 : RCon admin #0: (Global) !!! Achtung Base Maintain alle 14 Tage !!!
﻿09:07:47 : RCon admin #0: (Global) schaut mal im TS vorbei:IP ts.tko-gameserver.de 
﻿09:09:30 : Lost Connection!
﻿09:09:30 : Closing socket & exiting!
﻿09:11:23 : Starting plugin : WatchDog V.0.16
﻿09:11:23 : Creating watchdog for admin file...
﻿09:11:23 : Creating watchdog for command file...
﻿09:11:23 : Creating watchdog for badwords file...
﻿09:11:23 : Creating watchdog for badnames file...
﻿09:11:23 : Creating watchdog for BE filter files...
﻿09:11:27 : Rcon client logging in
﻿09:11:27 : RCon admin #0 (213.202.230.166:64733) logged in
﻿09:16:27 : RCon admin #0: (Global) Willkommen auf Livonia by TKO Gameserver 
﻿09:21:27 : RCon admin #0: (Global) !!! Achtung Base Maintain alle 14 Tage !!!
﻿09:23:02 : Player #0 Thomas (188.74.15.120:2332) connected
﻿09:23:02 : Connected to BE Master
﻿09:23:03 : Player #0 Thomas - BE GUID: f1ea2b7e00f68c18d66620b2536542d2
﻿09:23:04 : Verified GUID (f1ea2b7e00f68c18d66620b2536542d2) of player #0 Thomas
﻿09:26:27 : RCon admin #0: (Global) Willkommen auf Livonia by TKO Gameserver 
﻿09:26:27 : RCon admin #0: (Global) Besucht uns auch auf Chernerus 2035/ Weferlingen  
﻿09:29:37 : Lost Connection!
﻿09:29:37 : Closing socket & exiting!
﻿09:31:33 : Starting plugin : WatchDog V.0.16
﻿09:31:33 : Creating watchdog for admin file...
﻿09:31:33 : Creating watchdog for command file...
﻿09:31:33 : Creating watchdog for badwords file...
﻿09:31:33 : Creating watchdog for badnames file...
﻿09:31:33 : Creating watchdog for BE filter files...
﻿09:31:37 : Rcon client logging in
﻿09:31:37 : RCon admin #0 (213.202.230.166:65063) logged in
﻿09:36:37 : RCon admin #0: (Global) Willkommen auf Livonia by TKO Gameserver 
﻿09:37:13 : Lost Connection!
﻿09:37:13 : Closing socket & exiting!
﻿09:39:03 : Starting plugin : WatchDog V.0.16
﻿09:39:03 : Creating watchdog for admin file...
﻿09:39:03 : Creating watchdog for command file...
﻿09:39:03 : Creating watchdog for badwords file...
﻿09:39:03 : Creating watchdog for badnames file...
﻿09:39:03 : Creating watchdog for BE filter files...
﻿09:39:07 : Rcon client logging in
﻿09:39:07 : RCon admin #0 (213.202.230.166:64733) logged in
﻿09:44:07 : RCon admin #0: (Global) Willkommen auf Livonia by TKO Gameserver 
﻿09:46:05 : Lost Connection!
﻿09:46:05 : Closing socket & exiting!
﻿09:47:53 : Starting plugin : WatchDog V.0.16
﻿09:47:53 : Creating watchdog for admin file...
﻿09:47:53 : Creating watchdog for command file...
﻿09:47:53 : Creating watchdog for badwords file...
﻿09:47:53 : Creating watchdog for badnames file...
﻿09:47:53 : Creating watchdog for BE filter files...
﻿09:47:57 : Rcon client logging in
﻿09:47:57 : RCon admin #0 (213.202.230.166:53586) logged in
﻿09:48:07 : Player #0 Thomas (188.74.15.120:2332) connected
﻿09:48:07 : Connected to BE Master
﻿09:48:08 : Player #0 Thomas - BE GUID: f1ea2b7e00f68c18d66620b2536542d2
﻿09:48:09 : Verified GUID (f1ea2b7e00f68c18d66620b2536542d2) of player #0 Thomas
﻿09:52:57 : RCon admin #0: (Global) Willkommen auf Livonia by TKO Gameserver 
﻿09:57:57 : RCon admin #0: (Global) !!! Achtung Base Maintain alle 14 Tage !!!
﻿10:02:57 : RCon admin #0: (Global) Willkommen auf Livonia by TKO Gameserver 
﻿10:02:57 : RCon admin #0: (Global) Besucht uns auch auf Chernerus 2035/ Weferlingen  
﻿10:07:57 : RCon admin #0: (Global) No whine and play fair 
﻿10:12:57 : RCon admin #0: (Global) Willkommen auf Livonia by TKO Gameserver 
﻿10:12:57 : RCon admin #0: (Global) Join on TS ts.tko-gameserver.de or visit discord.gg/rDxWpXb 
﻿10:13:47 : Lost Connection!
﻿10:13:47 : Closing socket & exiting!
﻿10:16:31 : Starting plugin : WatchDog V.0.16
﻿10:16:31 : Creating watchdog for admin file...
﻿10:16:31 : Creating watchdog for command file...
﻿10:16:31 : Creating watchdog for badwords file...
﻿10:16:31 : Creating watchdog for badnames file...
﻿10:16:31 : Creating watchdog for BE filter files...
﻿10:16:35 : Rcon client logging in
﻿10:16:35 : RCon admin #0 (213.202.230.166:57732) logged in
﻿10:19:30 : Player #0 Thomas (188.74.15.120:2332) connected
﻿10:19:30 : Connected to BE Master
﻿10:19:31 : Player #0 Thomas - BE GUID: f1ea2b7e00f68c18d66620b2536542d2
﻿10:19:32 : Verified GUID (f1ea2b7e00f68c18d66620b2536542d2) of player #0 Thomas
﻿10:21:35 : RCon admin #0: (Global) Willkommen auf Livonia by TKO Gameserver 
﻿10:22:42 : Player #0 Thomas disconnected
﻿10:26:35 : RCon admin #0: (Global) !!! Achtung Base Maintain alle 14 Tage !!!
﻿10:31:35 : RCon admin #0: (Global) Willkommen auf Livonia by TKO Gameserver 
﻿10:31:35 : RCon admin #0: (Global) Besucht uns auch auf Chernerus 2035/ Weferlingen  
﻿10:35:23 : Player #0 Thomas (188.74.15.120:2332) connected
﻿10:35:24 : Player #0 Thomas - BE GUID: f1ea2b7e00f68c18d66620b2536542d2
﻿10:35:25 : Verified GUID (f1ea2b7e00f68c18d66620b2536542d2) of player #0 Thomas
﻿10:36:35 : RCon admin #0: (Global) No whine and play fair 
﻿10:41:35 : RCon admin #0: (Global) Willkommen auf Livonia by TKO Gameserver 
﻿10:41:35 : RCon admin #0: (Global) Join on TS ts.tko-gameserver.de or visit discord.gg/rDxWpXb 
﻿10:42:45 : Lost Connection!
﻿10:42:45 : Closing socket & exiting!
﻿10:48:06 : Starting plugin : WatchDog V.0.16
﻿10:48:06 : Creating watchdog for admin file...
﻿10:48:06 : Creating watchdog for command file...
﻿10:48:06 : Creating watchdog for badwords file...
﻿10:48:06 : Creating watchdog for badnames file...
﻿10:48:06 : Creating watchdog for BE filter files...
﻿10:48:10 : Rcon client logging in
﻿10:48:10 : RCon admin #0 (213.202.230.166:56032) logged in
﻿10:51:49 : Lost Connection!
﻿10:51:49 : Closing socket & exiting!
﻿10:55:55 : Starting plugin : WatchDog V.0.16
﻿10:55:55 : Creating watchdog for admin file...
﻿10:55:55 : Creating watchdog for command file...
﻿10:55:55 : Creating watchdog for badwords file...
﻿10:55:55 : Creating watchdog for badnames file...
﻿10:55:55 : Creating watchdog for BE filter files...
﻿10:55:59 : Rcon client logging in
﻿10:55:59 : RCon admin #0 (213.202.230.166:58748) logged in
﻿11:00:59 : RCon admin #0: (Global) Willkommen auf Livonia by TKO Gameserver 
﻿11:01:33 : Lost Connection!
﻿11:01:33 : Closing socket & exiting!
﻿11:03:25 : Starting plugin : WatchDog V.0.16
﻿11:03:25 : Creating watchdog for admin file...
﻿11:03:25 : Creating watchdog for command file...
﻿11:03:25 : Creating watchdog for badwords file...
﻿11:03:25 : Creating watchdog for badnames file...
﻿11:03:25 : Creating watchdog for BE filter files...
﻿11:03:29 : Rcon client logging in
﻿11:03:29 : RCon admin #0 (213.202.230.166:51339) logged in
﻿11:08:19 : Lost Connection!
﻿11:08:19 : Closing socket & exiting!
﻿11:10:05 : Starting plugin : WatchDog V.0.16
﻿11:10:05 : Creating watchdog for admin file...
﻿11:10:05 : Creating watchdog for command file...
﻿11:10:05 : Creating watchdog for badwords file...
﻿11:10:05 : Creating watchdog for badnames file...
﻿11:10:05 : Creating watchdog for BE filter files...
﻿11:10:09 : Rcon client logging in
﻿11:10:09 : RCon admin #0 (213.202.230.166:53348) logged in
﻿11:15:09 : RCon admin #0: (Global) Willkommen auf Livonia by TKO Gameserver 
﻿11:20:09 : RCon admin #0: (Global) !!! Achtung Base Maintain alle 14 Tage !!!
﻿11:25:09 : RCon admin #0: (Global) Willkommen auf Livonia by TKO Gameserver 
﻿11:25:09 : RCon admin #0: (Global) Besucht uns auch auf Chernerus 2035/ Weferlingen  
﻿11:27:16 : Player #1 Nero (188.186.212.215:2332) connected
﻿11:27:17 : Player #1 Nero - BE GUID: 31c910dba140d231d78e849f399d1822
﻿11:27:18 : Player #1 Nero disconnected
﻿11:27:48 : Player #0 Thomas disconnected
﻿11:30:00 : RCon admin #0: (Global) Server startet in 30 Minuten neu!
﻿11:30:09 : RCon admin #0: (Global) No whine and play fair 
﻿11:35:09 : RCon admin #0: (Global) Willkommen auf Livonia by TKO Gameserver 
﻿11:35:09 : RCon admin #0: (Global) Join on TS ts.tko-gameserver.de or visit discord.gg/rDxWpXb 
﻿11:35:57 : Lost Connection!
﻿11:35:57 : Closing socket & exiting!
﻿11:37:55 : Starting plugin : WatchDog V.0.16
﻿11:37:55 : Creating watchdog for admin file...
﻿11:37:55 : Creating watchdog for command file...
﻿11:37:55 : Creating watchdog for badwords file...
﻿11:37:55 : Creating watchdog for badnames file...
﻿11:37:55 : Creating watchdog for BE filter files...
﻿11:37:59 : Rcon client logging in
﻿11:37:59 : RCon admin #0 (213.202.230.166:58361) logged in
﻿11:41:19 : Player #1 Teufelberg (92.214.192.216:2332) connected
﻿11:41:21 : Player #1 Teufelberg - BE GUID: 3eca017cacd9308ec4f13fed96a40203
﻿11:41:21 : Verified GUID (3eca017cacd9308ec4f13fed96a40203) of player #1 Teufelberg
﻿11:42:59 : RCon admin #0: (Global) Willkommen auf Livonia by TKO Gameserver 
﻿11:45:00 : RCon admin #0: (Global) Server startet in 15 Minuten neu!
﻿11:47:59 : RCon admin #0: (Global) !!! Achtung Base Maintain alle 14 Tage !!!
﻿11:51:00 : Player #1 Teufelberg (3eca017cacd9308ec4f13fed96a40203) has been kicked by BattlEye: Client not responding
﻿11:52:59 : RCon admin #0: (Global) Willkommen auf Livonia by TKO Gameserver 
﻿11:52:59 : RCon admin #0: (Global) Besucht uns auch auf Chernerus 2035/ Weferlingen  
﻿11:57:59 : RCon admin #0: (Global) No whine and play fair 
﻿11:59:00 : RCon admin #0: (Global) Server startet in einer Minute neu!
﻿11:59:04 : Lost Connection!
﻿11:59:04 : Closing socket & exiting!
﻿12:01:50 : Starting plugin : WatchDog V.0.16
﻿12:01:50 : Creating watchdog for admin file...
﻿12:01:50 : Creating watchdog for command file...
﻿12:01:50 : Creating watchdog for badwords file...
﻿12:01:50 : Creating watchdog for badnames file...
﻿12:01:50 : Creating watchdog for BE filter files...
﻿12:01:54 : Rcon client logging in
﻿12:01:54 : RCon admin #0 (213.202.230.166:64733) logged in
﻿12:06:54 : RCon admin #0: (Global) Willkommen auf Livonia by TKO Gameserver 
﻿12:11:54 : RCon admin #0: (Global) !!! Achtung Base Maintain alle 14 Tage !!!
﻿12:16:54 : RCon admin #0: (Global) Willkommen auf Livonia by TKO Gameserver 
﻿12:16:54 : RCon admin #0: (Global) Besucht uns auch auf Chernerus 2035/ Weferlingen  
﻿12:21:54 : RCon admin #0: (Global) No whine and play fair 
﻿12:26:54 : RCon admin #0: (Global) Willkommen auf Livonia by TKO Gameserver 
﻿12:26:54 : RCon admin #0: (Global) Join on TS ts.tko-gameserver.de or visit discord.gg/rDxWpXb 
﻿12:31:54 : RCon admin #0: (Global) !!! Achtung Base Maintain alle 14 Tage !!!
﻿12:31:54 : RCon admin #0: (Global) Für Fragen oder Probleme im TS ts.tko-gameserver.de melden 
﻿12:36:54 : RCon admin #0: (Global) Willkommen auf Livonia by TKO Gameserver 
﻿12:36:54 : RCon admin #0: (Global) Not allowed to Build on Building or Road 
﻿12:41:54 : RCon admin #0: (Global) Besucht uns auch auf Chernerus 2035/ Weferlingen  
﻿12:41:54 : RCon admin #0: (Global) be careful ai have launcher 
﻿12:46:54 : RCon admin #0: (Global) Willkommen auf Livonia by TKO Gameserver 
﻿12:49:54 : RCon admin #0: (Global) No whine and play fair 
﻿12:51:54 : RCon admin #0: (Global) !!! Achtung Base Maintain alle 14 Tage !!!
﻿12:51:54 : RCon admin #0: (Global) schaut mal im TS vorbei:IP ts.tko-gameserver.de 
﻿12:56:54 : RCon admin #0: (Global) Willkommen auf Livonia by TKO Gameserver 
﻿12:56:54 : RCon admin #0: (Global) Join on TS ts.tko-gameserver.de or visit discord.gg/rDxWpXb 
﻿12:56:55 : RCon admin #0: (Global) Play Fair and have Fun 
﻿13:06:54 : RCon admin #0: (Global) Willkommen auf Livonia by TKO Gameserver 
﻿13:06:54 : RCon admin #0: (Global) Besucht uns auch auf Chernerus 2035/ Weferlingen  
﻿13:06:55 : RCon admin #0: (Global) Für Fragen oder Probleme im TS ts.tko-gameserver.de melden 
﻿13:11:54 : RCon admin #0: (Global) !!! Achtung Base Maintain alle 14 Tage !!!
﻿13:14:54 : RCon admin #0: (Global) Not allowed to Build on Building or Road 
﻿13:16:54 : RCon admin #0: (Global) Willkommen auf Livonia by TKO Gameserver 
﻿13:17:54 : RCon admin #0: (Global) No whine and play fair 
﻿13:21:54 : RCon admin #0: (Global) be careful ai have launcher 
﻿13:26:54 : RCon admin #0: (Global) Willkommen auf Livonia by TKO Gameserver 
﻿13:26:54 : RCon admin #0: (Global) Join on TS ts.tko-gameserver.de or visit discord.gg/rDxWpXb 
﻿13:31:54 : RCon admin #0: (Global) !!! Achtung Base Maintain alle 14 Tage !!!
﻿13:31:54 : RCon admin #0: (Global) Besucht uns auch auf Chernerus 2035/ Weferlingen  
﻿13:36:54 : RCon admin #0: (Global) Willkommen auf Livonia by TKO Gameserver 
﻿13:39:54 : RCon admin #0: (Global) schaut mal im TS vorbei:IP ts.tko-gameserver.de 
﻿13:41:54 : RCon admin #0: (Global) Für Fragen oder Probleme im TS ts.tko-gameserver.de melden 
﻿13:45:54 : RCon admin #0: (Global) No whine and play fair 
﻿13:46:54 : RCon admin #0: (Global) Willkommen auf Livonia by TKO Gameserver 
﻿13:46:54 : RCon admin #0: (Global) Play Fair and have Fun 
﻿13:51:54 : RCon admin #0: (Global) !!! Achtung Base Maintain alle 14 Tage !!!
﻿13:52:54 : RCon admin #0: (Global) Not allowed to Build on Building or Road 
﻿13:56:54 : RCon admin #0: (Global) Willkommen auf Livonia by TKO Gameserver 
﻿13:56:54 : RCon admin #0: (Global) Besucht uns auch auf Chernerus 2035/ Weferlingen  
﻿13:56:55 : RCon admin #0: (Global) Join on TS ts.tko-gameserver.de or visit discord.gg/rDxWpXb 
﻿14:01:54 : RCon admin #0: (Global) be careful ai have launcher 
﻿14:06:54 : RCon admin #0: (Global) Willkommen auf Livonia by TKO Gameserver 
﻿14:11:54 : RCon admin #0: (Global) !!! Achtung Base Maintain alle 14 Tage !!!
﻿14:12:12 : Player #0 Thomas disconnected
﻿14:13:54 : RCon admin #0: (Global) No whine and play fair 
﻿14:16:54 : RCon admin #0: (Global) Willkommen auf Livonia by TKO Gameserver 
﻿14:16:54 : RCon admin #0: (Global) Für Fragen oder Probleme im TS ts.tko-gameserver.de melden 
﻿14:21:54 : RCon admin #0: (Global) Besucht uns auch auf Chernerus 2035/ Weferlingen  
﻿14:26:54 : RCon admin #0: (Global) Willkommen auf Livonia by TKO Gameserver 
﻿14:26:54 : RCon admin #0: (Global) Join on TS ts.tko-gameserver.de or visit discord.gg/rDxWpXb 
﻿14:27:54 : RCon admin #0: (Global) schaut mal im TS vorbei:IP ts.tko-gameserver.de 
﻿14:28:28 : Player #0 Mirrix (77.3.15.135:2332) connected
﻿14:28:29 : Player #0 Mirrix - BE GUID: 2aaa1236cecb1c00c9bac5705b952f0f
﻿14:28:30 : Verified GUID (2aaa1236cecb1c00c9bac5705b952f0f) of player #0 Mirrix
﻿14:30:54 : RCon admin #0: (Global) Not allowed to Build on Building or Road 
﻿14:31:54 : RCon admin #0: (Global) !!! Achtung Base Maintain alle 14 Tage !!!
﻿14:36:54 : RCon admin #0: (Global) Willkommen auf Livonia by TKO Gameserver 
﻿14:36:54 : RCon admin #0: (Global) Play Fair and have Fun 
﻿14:41:54 : RCon admin #0: (Global) No whine and play fair 
﻿14:41:54 : RCon admin #0: (Global) be careful ai have launcher 
﻿14:46:54 : RCon admin #0: (Global) Willkommen auf Livonia by TKO Gameserver 
﻿14:46:54 : RCon admin #0: (Global) Besucht uns auch auf Chernerus 2035/ Weferlingen  
﻿14:51:54 : RCon admin #0: (Global) !!! Achtung Base Maintain alle 14 Tage !!!
﻿14:51:54 : RCon admin #0: (Global) Für Fragen oder Probleme im TS ts.tko-gameserver.de melden 
﻿14:56:54 : RCon admin #0: (Global) Willkommen auf Livonia by TKO Gameserver 
﻿14:56:54 : RCon admin #0: (Global) Join on TS ts.tko-gameserver.de or visit discord.gg/rDxWpXb 
﻿15:06:54 : RCon admin #0: (Global) Willkommen auf Livonia by TKO Gameserver 
﻿15:08:54 : RCon admin #0: (Global) Not allowed to Build on Building or Road 
﻿15:09:54 : RCon admin #0: (Global) No whine and play fair 
﻿15:11:54 : RCon admin #0: (Global) !!! Achtung Base Maintain alle 14 Tage !!!
﻿15:11:54 : RCon admin #0: (Global) Besucht uns auch auf Chernerus 2035/ Weferlingen  
﻿15:15:54 : RCon admin #0: (Global) schaut mal im TS vorbei:IP ts.tko-gameserver.de 
﻿15:16:54 : RCon admin #0: (Global) Willkommen auf Livonia by TKO Gameserver 
﻿15:21:54 : RCon admin #0: (Global) be careful ai have launcher 
﻿15:26:54 : RCon admin #0: (Global) Willkommen auf Livonia by TKO Gameserver 
﻿15:26:54 : RCon admin #0: (Global) Join on TS ts.tko-gameserver.de or visit discord.gg/rDxWpXb 
﻿15:26:55 : RCon admin #0: (Global) Für Fragen oder Probleme im TS ts.tko-gameserver.de melden 
﻿15:26:55 : RCon admin #0: (Global) Play Fair and have Fun 
﻿15:31:54 : RCon admin #0: (Global) !!! Achtung Base Maintain alle 14 Tage !!!
﻿15:36:54 : RCon admin #0: (Global) Willkommen auf Livonia by TKO Gameserver 
﻿15:36:54 : RCon admin #0: (Global) Besucht uns auch auf Chernerus 2035/ Weferlingen  
﻿15:37:54 : RCon admin #0: (Global) No whine and play fair 
﻿15:39:28 : Player #0 Mirrix disconnected
﻿15:39:47 : Lost Connection!
﻿15:39:47 : Closing socket & exiting!
﻿15:41:50 : Starting plugin : WatchDog V.0.16
﻿15:41:50 : Creating watchdog for admin file...
﻿15:41:50 : Creating watchdog for command file...
﻿15:41:50 : Creating watchdog for badwords file...
﻿15:41:50 : Creating watchdog for badnames file...
﻿15:41:50 : Creating watchdog for BE filter files...
﻿15:41:54 : Rcon client logging in
﻿15:41:54 : RCon admin #0 (213.202.230.166:58084) logged in
﻿15:45:47 : Lost Connection!
﻿15:45:47 : Closing socket & exiting!
﻿15:47:40 : Starting plugin : WatchDog V.0.16
﻿15:47:40 : Creating watchdog for admin file...
﻿15:47:40 : Creating watchdog for command file...
﻿15:47:40 : Creating watchdog for badwords file...
﻿15:47:40 : Creating watchdog for badnames file...
﻿15:47:40 : Creating watchdog for BE filter files...
﻿15:47:44 : Rcon client logging in
﻿15:47:44 : RCon admin #0 (213.202.230.166:52443) logged in
﻿15:51:02 : Player #1 Mirrix (77.3.15.135:2332) connected
﻿15:51:04 : Player #1 Mirrix - BE GUID: 2aaa1236cecb1c00c9bac5705b952f0f
﻿15:51:05 : Verified GUID (2aaa1236cecb1c00c9bac5705b952f0f) of player #1 Mirrix
﻿15:52:45 : RCon admin #0: (Global) Willkommen auf Livonia by TKO Gameserver 
﻿15:56:20 : Lost Connection!
﻿15:56:20 : Closing socket & exiting!
﻿16:00:17 : Starting plugin : WatchDog V.0.16
﻿16:00:17 : Creating watchdog for admin file...
﻿16:00:17 : Creating watchdog for command file...
﻿16:00:17 : Creating watchdog for badwords file...
﻿16:00:17 : Creating watchdog for badnames file...
﻿16:00:17 : Creating watchdog for BE filter files...
﻿16:00:21 : Rcon client logging in
﻿16:00:21 : RCon admin #0 (213.202.230.166:64733) logged in
﻿16:01:33 : Player #0 Mirrix (77.3.15.135:2332) connected
﻿16:01:33 : Connected to BE Master
﻿16:01:35 : Player #0 Mirrix - BE GUID: 2aaa1236cecb1c00c9bac5705b952f0f
﻿16:01:36 : Verified GUID (2aaa1236cecb1c00c9bac5705b952f0f) of player #0 Mirrix
﻿16:05:21 : RCon admin #0: (Global) Willkommen auf Livonia by TKO Gameserver 
﻿16:10:21 : RCon admin #0: (Global) !!! Achtung Base Maintain alle 14 Tage !!!
﻿16:11:32 : Player #1 Thomas (188.74.15.120:2332) connected
﻿16:11:33 : Player #1 Thomas - BE GUID: f1ea2b7e00f68c18d66620b2536542d2
﻿16:11:33 : Verified GUID (f1ea2b7e00f68c18d66620b2536542d2) of player #1 Thomas
﻿16:15:21 : RCon admin #0: (Global) Besucht uns auch auf Chernerus 2035/ Weferlingen  
﻿16:15:22 : RCon admin #0: (Global) Willkommen auf Livonia by TKO Gameserver 
﻿16:20:21 : RCon admin #0: (Global) No whine and play fair 
﻿16:25:21 : RCon admin #0: (Global) Willkommen auf Livonia by TKO Gameserver 
﻿16:25:22 : RCon admin #0: (Global) Join on TS ts.tko-gameserver.de or visit discord.gg/rDxWpXb 
﻿16:27:04 : No Valid response. Trying to reconnect.!
﻿16:27:08 : No Valid response. Trying to reconnect.!
﻿16:27:12 : No Valid response. Trying to reconnect.!
﻿16:27:16 : Lost Connection!
﻿16:27:16 : Closing socket & exiting!
﻿16:51:52 : Starting plugin : WatchDog V.0.16
﻿16:51:52 : Creating watchdog for admin file...
﻿16:51:52 : Creating watchdog for command file...
﻿16:51:52 : Creating watchdog for badwords file...
﻿16:51:52 : Creating watchdog for badnames file...
﻿16:51:52 : Creating watchdog for BE filter files...
﻿16:51:56 : Rcon client logging in
﻿16:51:56 : RCon admin #0 (213.202.230.166:55603) logged in
﻿16:55:45 : Failed to receive from BE Master (10054)
﻿16:55:45 : Disconnected from BE Master
﻿16:56:56 : RCon admin #0: (Global) Willkommen auf Livonia by TKO Gameserver 
﻿16:57:43 : Connected to BE Master
﻿17:01:56 : RCon admin #0: (Global) !!! Achtung Base Maintain alle 14 Tage !!!
﻿17:06:56 : RCon admin #0: (Global) Willkommen auf Livonia by TKO Gameserver 
﻿17:06:56 : RCon admin #0: (Global) Besucht uns auch auf Chernerus 2035/ Weferlingen  
﻿17:11:56 : RCon admin #0: (Global) No whine and play fair 
﻿17:12:07 : Player #0 Mirrix disconnected
﻿17:16:56 : RCon admin #0: (Global) Willkommen auf Livonia by TKO Gameserver 
﻿17:16:56 : RCon admin #0: (Global) Join on TS ts.tko-gameserver.de or visit discord.gg/rDxWpXb 
﻿17:21:56 : RCon admin #0: (Global) !!! Achtung Base Maintain alle 14 Tage !!!
﻿17:21:56 : RCon admin #0: (Global) Für Fragen oder Probleme im TS ts.tko-gameserver.de melden 
﻿17:26:56 : RCon admin #0: (Global) Willkommen auf Livonia by TKO Gameserver 
﻿17:26:56 : RCon admin #0: (Global) Not allowed to Build on Building or Road 
﻿17:28:55 : Player #4 Mirrix (77.3.15.135:2332) connected
﻿17:28:57 : Player #4 Mirrix - BE GUID: 2aaa1236cecb1c00c9bac5705b952f0f
﻿17:28:57 : Verified GUID (2aaa1236cecb1c00c9bac5705b952f0f) of player #4 Mirrix
﻿17:30:00 : RCon admin #0: (Global) Server startet in 30 Minuten neu!
﻿17:30:19 : Player #4 Mirrix disconnected
﻿17:31:56 : RCon admin #0: (Global) Besucht uns auch auf Chernerus 2035/ Weferlingen  
﻿17:31:56 : RCon admin #0: (Global) be careful ai have launcher 
﻿17:36:37 : Player #4 Mirrix (77.3.15.135:2332) connected
﻿17:36:38 : Player #4 Mirrix - BE GUID: 2aaa1236cecb1c00c9bac5705b952f0f
﻿17:36:39 : Verified GUID (2aaa1236cecb1c00c9bac5705b952f0f) of player #4 Mirrix
﻿17:36:56 : RCon admin #0: (Global) Willkommen auf Livonia by TKO Gameserver 
﻿17:39:23 : Player #1 Thomas disconnected
﻿17:39:56 : RCon admin #0: (Global) No whine and play fair 
﻿17:41:56 : RCon admin #0: (Global) !!! Achtung Base Maintain alle 14 Tage !!!
﻿17:41:56 : RCon admin #0: (Global) schaut mal im TS vorbei:IP ts.tko-gameserver.de 
﻿17:45:00 : RCon admin #0: (Global) Server startet in 15 Minuten neu!
﻿17:46:56 : RCon admin #0: (Global) Willkommen auf Livonia by TKO Gameserver 
﻿17:46:56 : RCon admin #0: (Global) Join on TS ts.tko-gameserver.de or visit discord.gg/rDxWpXb 
﻿17:46:56 : RCon admin #0: (Global) Play Fair and have Fun 
﻿17:53:17 : Player #3 Holzauge disconnected
﻿17:56:56 : RCon admin #0: (Global) Willkommen auf Livonia by TKO Gameserver 
﻿17:56:56 : RCon admin #0: (Global) Besucht uns auch auf Chernerus 2035/ Weferlingen  
﻿17:56:56 : RCon admin #0: (Global) Für Fragen oder Probleme im TS ts.tko-gameserver.de melden 
﻿17:58:37 : Player #4 Mirrix disconnected
﻿17:59:00 : RCon admin #0: (Global) Server startet in einer Minute neu!
﻿18:00:00 : Lost Connection!
﻿18:00:00 : Closing socket & exiting!
﻿18:02:30 : Starting plugin : WatchDog V.0.16
﻿18:02:30 : Creating watchdog for admin file...
﻿18:02:30 : Creating watchdog for command file...
﻿18:02:30 : Creating watchdog for badwords file...
﻿18:02:30 : Creating watchdog for badnames file...
﻿18:02:30 : Creating watchdog for BE filter files...
﻿18:02:34 : Rcon client logging in
﻿18:02:34 : RCon admin #0 (213.202.230.166:51152) logged in
﻿18:02:49 : Player #0 Thomas (188.74.15.120:2332) connected
﻿18:02:49 : Connected to BE Master
﻿18:02:51 : Player #0 Thomas - BE GUID: f1ea2b7e00f68c18d66620b2536542d2
﻿18:02:51 : Verified GUID (f1ea2b7e00f68c18d66620b2536542d2) of player #0 Thomas
﻿18:07:34 : RCon admin #0: (Global) Willkommen auf Livonia by TKO Gameserver 
﻿18:12:34 : RCon admin #0: (Global) !!! Achtung Base Maintain alle 14 Tage !!!
﻿18:17:34 : RCon admin #0: (Global) Willkommen auf Livonia by TKO Gameserver 
﻿18:17:34 : RCon admin #0: (Global) Besucht uns auch auf Chernerus 2035/ Weferlingen  
﻿18:22:34 : RCon admin #0: (Global) No whine and play fair 
﻿18:27:34 : RCon admin #0: (Global) Willkommen auf Livonia by TKO Gameserver 
﻿18:27:34 : RCon admin #0: (Global) Join on TS ts.tko-gameserver.de or visit discord.gg/rDxWpXb 
﻿18:32:34 : RCon admin #0: (Global) !!! Achtung Base Maintain alle 14 Tage !!!
﻿18:32:34 : RCon admin #0: (Global) Für Fragen oder Probleme im TS ts.tko-gameserver.de melden 
﻿18:37:34 : RCon admin #0: (Global) Willkommen auf Livonia by TKO Gameserver 
﻿18:37:34 : RCon admin #0: (Global) Not allowed to Build on Building or Road 
﻿18:42:34 : RCon admin #0: (Global) Besucht uns auch auf Chernerus 2035/ Weferlingen  
﻿18:42:34 : RCon admin #0: (Global) be careful ai have launcher 
﻿18:44:21 : Player #1 Holzauge (87.161.36.130:2332) connected
﻿18:44:23 : Player #1 Holzauge - BE GUID: af4455d4805505d3ae7762da6683443f
﻿18:44:23 : Verified GUID (af4455d4805505d3ae7762da6683443f) of player #1 Holzauge
﻿18:47:34 : RCon admin #0: (Global) Willkommen auf Livonia by TKO Gameserver 
﻿18:50:34 : RCon admin #0: (Global) No whine and play fair 
﻿18:52:34 : RCon admin #0: (Global) !!! Achtung Base Maintain alle 14 Tage !!!
﻿18:52:34 : RCon admin #0: (Global) schaut mal im TS vorbei:IP ts.tko-gameserver.de 
﻿18:57:34 : RCon admin #0: (Global) Willkommen auf Livonia by TKO Gameserver 
﻿18:57:34 : RCon admin #0: (Global) Join on TS ts.tko-gameserver.de or visit discord.gg/rDxWpXb 
﻿18:57:35 : RCon admin #0: (Global) Play Fair and have Fun 
﻿19:06:55 : Player #1 Holzauge disconnected
﻿19:07:34 : RCon admin #0: (Global) Willkommen auf Livonia by TKO Gameserver 
﻿19:07:34 : RCon admin #0: (Global) Besucht uns auch auf Chernerus 2035/ Weferlingen  
﻿19:07:35 : RCon admin #0: (Global) Für Fragen oder Probleme im TS ts.tko-gameserver.de melden 
﻿19:08:03 : Lost Connection!
﻿19:08:03 : Closing socket & exiting!
﻿19:10:20 : Starting plugin : WatchDog V.0.16
﻿19:10:20 : Creating watchdog for admin file...
﻿19:10:20 : Creating watchdog for command file...
﻿19:10:20 : Creating watchdog for badwords file...
﻿19:10:20 : Creating watchdog for badnames file...
﻿19:10:20 : Creating watchdog for BE filter files...
﻿19:10:24 : Rcon client logging in
﻿19:10:24 : RCon admin #0 (213.202.230.166:59460) logged in
﻿19:10:46 : Player #0 Thomas (188.74.15.120:2332) connected
﻿19:10:47 : Player #0 Thomas - BE GUID: f1ea2b7e00f68c18d66620b2536542d2
﻿19:10:48 : Verified GUID (f1ea2b7e00f68c18d66620b2536542d2) of player #0 Thomas
﻿19:15:24 : RCon admin #0: (Global) Willkommen auf Livonia by TKO Gameserver 
﻿19:17:17 : Player #1 Mirrix (77.3.15.135:2332) connected
﻿19:17:19 : Player #1 Mirrix - BE GUID: 2aaa1236cecb1c00c9bac5705b952f0f
﻿19:17:20 : Verified GUID (2aaa1236cecb1c00c9bac5705b952f0f) of player #1 Mirrix
﻿19:20:03 : Player #2 Holzauge (87.161.36.130:2332) connected
﻿19:20:04 : Player #2 Holzauge - BE GUID: af4455d4805505d3ae7762da6683443f
﻿19:20:05 : Verified GUID (af4455d4805505d3ae7762da6683443f) of player #2 Holzauge
﻿19:20:24 : RCon admin #0: (Global) !!! Achtung Base Maintain alle 14 Tage !!!
﻿19:25:24 : RCon admin #0: (Global) Willkommen auf Livonia by TKO Gameserver 
﻿19:25:25 : RCon admin #0: (Global) Besucht uns auch auf Chernerus 2035/ Weferlingen  
﻿19:27:47 : Player #1 Mirrix disconnected
﻿19:28:16 : Player #2 Holzauge disconnected
﻿19:28:19 : Lost Connection!
﻿19:28:19 : Closing socket & exiting!
﻿19:30:30 : Starting plugin : WatchDog V.0.16
﻿19:30:30 : Creating watchdog for admin file...
﻿19:30:30 : Creating watchdog for command file...
﻿19:30:30 : Creating watchdog for badwords file...
﻿19:30:30 : Creating watchdog for badnames file...
﻿19:30:30 : Creating watchdog for BE filter files...
﻿19:30:34 : Rcon client logging in
﻿19:30:34 : RCon admin #0 (213.202.230.166:49288) logged in
﻿19:30:35 : Player #2 Holzauge (87.161.36.130:2332) connected
﻿19:30:36 : Player #2 Holzauge - BE GUID: af4455d4805505d3ae7762da6683443f
﻿19:30:37 : Verified GUID (af4455d4805505d3ae7762da6683443f) of player #2 Holzauge
﻿19:35:34 : RCon admin #0: (Global) Willkommen auf Livonia by TKO Gameserver 
﻿19:40:34 : RCon admin #0: (Global) !!! Achtung Base Maintain alle 14 Tage !!!
﻿19:45:34 : RCon admin #0: (Global) Willkommen auf Livonia by TKO Gameserver 
﻿19:45:35 : RCon admin #0: (Global) Besucht uns auch auf Chernerus 2035/ Weferlingen  
﻿19:50:34 : RCon admin #0: (Global) No whine and play fair 
﻿19:51:23 : Player #3 Da_Nade (77.100.227.183:2332) connected
﻿19:51:25 : Player #3 Da_Nade - BE GUID: 3205686adc689b39d23810827a461dd8
﻿19:51:25 : Verified GUID (3205686adc689b39d23810827a461dd8) of player #3 Da_Nade
﻿19:51:51 : Player #4 Freebird33 (81.98.4.128:2332) connected
﻿19:51:53 : Player #4 Freebird33 - BE GUID: 0e2b99bdacd850f5aebe15181e350988
﻿19:51:53 : Verified GUID (0e2b99bdacd850f5aebe15181e350988) of player #4 Freebird33
﻿19:55:34 : RCon admin #0: (Global) Willkommen auf Livonia by TKO Gameserver 
﻿19:55:35 : RCon admin #0: (Global) Join on TS ts.tko-gameserver.de or visit discord.gg/rDxWpXb 
﻿20:00:34 : RCon admin #0: (Global) !!! Achtung Base Maintain alle 14 Tage !!!
﻿20:00:35 : RCon admin #0: (Global) Für Fragen oder Probleme im TS ts.tko-gameserver.de melden 
﻿20:05:34 : RCon admin #0: (Global) Willkommen auf Livonia by TKO Gameserver 
﻿20:05:35 : RCon admin #0: (Global) Not allowed to Build on Building or Road 
﻿20:05:55 : Player #2 Holzauge disconnected
﻿20:10:34 : RCon admin #0: (Global) Besucht uns auch auf Chernerus 2035/ Weferlingen  
﻿20:10:35 : RCon admin #0: (Global) be careful ai have launcher 
﻿20:15:34 : RCon admin #0: (Global) Willkommen auf Livonia by TKO Gameserver 
﻿20:18:34 : RCon admin #0: (Global) No whine and play fair 
﻿20:20:34 : RCon admin #0: (Global) !!! Achtung Base Maintain alle 14 Tage !!!
﻿20:20:35 : RCon admin #0: (Global) schaut mal im TS vorbei:IP ts.tko-gameserver.de 
﻿20:25:34 : RCon admin #0: (Global) Willkommen auf Livonia by TKO Gameserver 
﻿20:25:35 : RCon admin #0: (Global) Join on TS ts.tko-gameserver.de or visit discord.gg/rDxWpXb 
﻿20:25:35 : RCon admin #0: (Global) Play Fair and have Fun 
﻿20:35:34 : RCon admin #0: (Global) Willkommen auf Livonia by TKO Gameserver 
﻿20:35:35 : RCon admin #0: (Global) Besucht uns auch auf Chernerus 2035/ Weferlingen  
﻿20:35:35 : RCon admin #0: (Global) Für Fragen oder Probleme im TS ts.tko-gameserver.de melden 
﻿20:40:34 : RCon admin #0: (Global) !!! Achtung Base Maintain alle 14 Tage !!!
﻿20:43:34 : RCon admin #0: (Global) Not allowed to Build on Building or Road 
﻿20:45:27 : Player #4 Freebird33 disconnected
﻿20:45:34 : RCon admin #0: (Global) Willkommen auf Livonia by TKO Gameserver 
﻿20:45:58 : Player #4 Freebird33 (81.98.4.128:2332) connected
﻿20:46:00 : Player #4 Freebird33 disconnected
﻿20:46:34 : RCon admin #0: (Global) No whine and play fair 
﻿20:49:50 : Player #4 Freebird33 (81.98.4.128:2332) connected
﻿20:49:52 : Player #4 Freebird33 - BE GUID: 0e2b99bdacd850f5aebe15181e350988
﻿20:49:52 : Verified GUID (0e2b99bdacd850f5aebe15181e350988) of player #4 Freebird33
﻿20:50:34 : RCon admin #0: (Global) be careful ai have launcher 
﻿20:55:34 : RCon admin #0: (Global) Willkommen auf Livonia by TKO Gameserver 
﻿20:55:35 : RCon admin #0: (Global) Join on TS ts.tko-gameserver.de or visit discord.gg/rDxWpXb 
﻿21:00:34 : RCon admin #0: (Global) !!! Achtung Base Maintain alle 14 Tage !!!
﻿21:00:35 : RCon admin #0: (Global) Besucht uns auch auf Chernerus 2035/ Weferlingen  
﻿21:05:34 : RCon admin #0: (Global) Willkommen auf Livonia by TKO Gameserver 
﻿21:08:34 : RCon admin #0: (Global) schaut mal im TS vorbei:IP ts.tko-gameserver.de 
﻿21:10:34 : RCon admin #0: (Global) Für Fragen oder Probleme im TS ts.tko-gameserver.de melden 
﻿21:14:34 : RCon admin #0: (Global) No whine and play fair 
﻿21:15:34 : RCon admin #0: (Global) Willkommen auf Livonia by TKO Gameserver 
﻿21:15:35 : RCon admin #0: (Global) Play Fair and have Fun 
﻿21:20:34 : RCon admin #0: (Global) !!! Achtung Base Maintain alle 14 Tage !!!
﻿21:21:34 : RCon admin #0: (Global) Not allowed to Build on Building or Road 
﻿21:25:34 : RCon admin #0: (Global) Willkommen auf Livonia by TKO Gameserver 
﻿21:25:35 : RCon admin #0: (Global) Besucht uns auch auf Chernerus 2035/ Weferlingen  
﻿21:25:35 : RCon admin #0: (Global) Join on TS ts.tko-gameserver.de or visit discord.gg/rDxWpXb 
﻿21:30:34 : RCon admin #0: (Global) be careful ai have launcher 
﻿21:35:34 : RCon admin #0: (Global) Willkommen auf Livonia by TKO Gameserver 
﻿21:40:34 : RCon admin #0: (Global) !!! Achtung Base Maintain alle 14 Tage !!!
﻿21:42:34 : RCon admin #0: (Global) No whine and play fair 
﻿21:45:34 : RCon admin #0: (Global) Willkommen auf Livonia by TKO Gameserver 
﻿21:45:35 : RCon admin #0: (Global) Für Fragen oder Probleme im TS ts.tko-gameserver.de melden 
﻿21:50:34 : RCon admin #0: (Global) Besucht uns auch auf Chernerus 2035/ Weferlingen  
﻿21:52:17 : Player #0 Thomas disconnected
﻿21:55:34 : RCon admin #0: (Global) Willkommen auf Livonia by TKO Gameserver 
﻿21:55:35 : RCon admin #0: (Global) Join on TS ts.tko-gameserver.de or visit discord.gg/rDxWpXb 
﻿21:56:34 : RCon admin #0: (Global) schaut mal im TS vorbei:IP ts.tko-gameserver.de 
﻿21:59:34 : RCon admin #0: (Global) Not allowed to Build on Building or Road 
﻿22:00:34 : RCon admin #0: (Global) !!! Achtung Base Maintain alle 14 Tage !!!
﻿22:05:34 : RCon admin #0: (Global) Willkommen auf Livonia by TKO Gameserver 
﻿22:05:35 : RCon admin #0: (Global) Play Fair and have Fun 
﻿22:10:34 : RCon admin #0: (Global) No whine and play fair 
﻿22:10:35 : RCon admin #0: (Global) be careful ai have launcher 
﻿22:15:34 : RCon admin #0: (Global) Willkommen auf Livonia by TKO Gameserver 
﻿22:15:35 : RCon admin #0: (Global) Besucht uns auch auf Chernerus 2035/ Weferlingen  
﻿22:20:34 : RCon admin #0: (Global) !!! Achtung Base Maintain alle 14 Tage !!!
﻿22:20:35 : RCon admin #0: (Global) Für Fragen oder Probleme im TS ts.tko-gameserver.de melden 
﻿22:25:34 : RCon admin #0: (Global) Willkommen auf Livonia by TKO Gameserver 
﻿22:25:35 : RCon admin #0: (Global) Join on TS ts.tko-gameserver.de or visit discord.gg/rDxWpXb 
﻿22:35:34 : RCon admin #0: (Global) Willkommen auf Livonia by TKO Gameserver 
﻿22:37:34 : RCon admin #0: (Global) Not allowed to Build on Building or Road 
﻿22:38:34 : RCon admin #0: (Global) No whine and play fair 
﻿22:40:34 : RCon admin #0: (Global) !!! Achtung Base Maintain alle 14 Tage !!!
﻿22:40:35 : RCon admin #0: (Global) Besucht uns auch auf Chernerus 2035/ Weferlingen  
﻿22:44:34 : RCon admin #0: (Global) schaut mal im TS vorbei:IP ts.tko-gameserver.de 
﻿22:45:34 : RCon admin #0: (Global) Willkommen auf Livonia by TKO Gameserver 
﻿22:50:34 : RCon admin #0: (Global) be careful ai have launcher 
﻿22:55:34 : RCon admin #0: (Global) Willkommen auf Livonia by TKO Gameserver 
﻿22:55:35 : RCon admin #0: (Global) Join on TS ts.tko-gameserver.de or visit discord.gg/rDxWpXb 
﻿22:55:35 : RCon admin #0: (Global) Für Fragen oder Probleme im TS ts.tko-gameserver.de melden 
﻿22:55:35 : RCon admin #0: (Global) Play Fair and have Fun 
﻿23:00:34 : RCon admin #0: (Global) !!! Achtung Base Maintain alle 14 Tage !!!
﻿23:05:34 : RCon admin #0: (Global) Willkommen auf Livonia by TKO Gameserver 
﻿23:05:35 : RCon admin #0: (Global) Besucht uns auch auf Chernerus 2035/ Weferlingen  
﻿23:06:34 : RCon admin #0: (Global) No whine and play fair 
﻿23:15:34 : RCon admin #0: (Global) Willkommen auf Livonia by TKO Gameserver 
﻿23:15:35 : RCon admin #0: (Global) Not allowed to Build on Building or Road 
﻿23:20:34 : RCon admin #0: (Global) !!! Achtung Base Maintain alle 14 Tage !!!
﻿23:25:34 : RCon admin #0: (Global) Willkommen auf Livonia by TKO Gameserver 
﻿23:25:35 : RCon admin #0: (Global) Join on TS ts.tko-gameserver.de or visit discord.gg/rDxWpXb 
﻿23:30:00 : RCon admin #0: (Global) Server startet in 30 Minuten neu!
﻿23:30:34 : RCon admin #0: (Global) Besucht uns auch auf Chernerus 2035/ Weferlingen  
﻿23:30:35 : RCon admin #0: (Global) Für Fragen oder Probleme im TS ts.tko-gameserver.de melden 
﻿23:30:35 : RCon admin #0: (Global) be careful ai have launcher 
﻿23:31:42 : Player #1 Mirrix disconnected
﻿23:32:34 : RCon admin #0: (Global) schaut mal im TS vorbei:IP ts.tko-gameserver.de 
﻿23:34:34 : RCon admin #0: (Global) No whine and play fair 
﻿23:35:34 : RCon admin #0: (Global) Willkommen auf Livonia by TKO Gameserver 
﻿23:40:34 : RCon admin #0: (Global) !!! Achtung Base Maintain alle 14 Tage !!!
﻿23:41:42 : Player #4 Freebird33 (0e2b99bdacd850f5aebe15181e350988) has been kicked by BattlEye: Client not responding
﻿23:45:00 : RCon admin #0: (Global) Server startet in 15 Minuten neu!
﻿23:45:34 : RCon admin #0: (Global) Willkommen auf Livonia by TKO Gameserver 
﻿23:45:35 : RCon admin #0: (Global) Play Fair and have Fun 
﻿23:53:34 : RCon admin #0: (Global) Not allowed to Build on Building or Road 
﻿23:54:20 : Player #3 Da_Nade disconnected
﻿23:55:34 : RCon admin #0: (Global) Willkommen auf Livonia by TKO Gameserver 
﻿23:55:35 : RCon admin #0: (Global) Besucht uns auch auf Chernerus 2035/ Weferlingen  
﻿23:55:35 : RCon admin #0: (Global) Join on TS ts.tko-gameserver.de or visit discord.gg/rDxWpXb 
﻿23:59:00 : RCon admin #0: (Global) Server startet in einer Minute neu!
