00:00:01 : Lost Connection!
﻿00:00:01 : Closing socket & exiting!
﻿00:02:10 : Starting plugin : WatchDog V.0.16
﻿00:02:10 : Creating watchdog for admin file...
﻿00:02:10 : Creating watchdog for command file...
﻿00:02:10 : Creating watchdog for badwords file...
﻿00:02:10 : Creating watchdog for badnames file...
﻿00:02:10 : Creating watchdog for BE filter files...
﻿00:02:14 : Rcon client logging in
﻿00:02:14 : RCon admin #0 (213.202.230.166:55745) logged in
﻿00:07:14 : RCon admin #0: (Global) Willkommen auf Livonia by TKO Gameserver 
﻿00:12:14 : RCon admin #0: (Global) !!! Achtung Base Maintain alle 14 Tage !!!
﻿00:17:14 : RCon admin #0: (Global) Willkommen auf Livonia by TKO Gameserver 
﻿00:17:14 : RCon admin #0: (Global) Besucht uns auch auf Chernerus 2035/ Weferlingen  
﻿00:22:14 : RCon admin #0: (Global) No whine and play fair 
﻿00:27:14 : RCon admin #0: (Global) Willkommen auf Livonia by TKO Gameserver 
﻿00:27:14 : RCon admin #0: (Global) Join on TS ts.tko-gameserver.de or visit discord.gg/rDxWpXb 
﻿00:32:14 : RCon admin #0: (Global) !!! Achtung Base Maintain alle 14 Tage !!!
﻿00:32:14 : RCon admin #0: (Global) Für Fragen oder Probleme im TS ts.tko-gameserver.de melden 
﻿00:37:14 : RCon admin #0: (Global) Willkommen auf Livonia by TKO Gameserver 
﻿00:37:15 : RCon admin #0: (Global) Not allowed to Build on Building or Road 
﻿00:42:14 : RCon admin #0: (Global) Besucht uns auch auf Chernerus 2035/ Weferlingen  
﻿00:42:14 : RCon admin #0: (Global) be careful ai have launcher 
﻿00:47:14 : RCon admin #0: (Global) Willkommen auf Livonia by TKO Gameserver 
﻿00:50:14 : RCon admin #0: (Global) No whine and play fair 
﻿00:52:14 : RCon admin #0: (Global) !!! Achtung Base Maintain alle 14 Tage !!!
﻿00:52:14 : RCon admin #0: (Global) schaut mal im TS vorbei:IP ts.tko-gameserver.de 
﻿00:57:14 : RCon admin #0: (Global) Willkommen auf Livonia by TKO Gameserver 
﻿00:57:15 : RCon admin #0: (Global) Join on TS ts.tko-gameserver.de or visit discord.gg/rDxWpXb 
﻿00:57:15 : RCon admin #0: (Global) Play Fair and have Fun 
﻿01:07:14 : RCon admin #0: (Global) Willkommen auf Livonia by TKO Gameserver 
﻿01:07:14 : RCon admin #0: (Global) Besucht uns auch auf Chernerus 2035/ Weferlingen  
﻿01:07:15 : RCon admin #0: (Global) Für Fragen oder Probleme im TS ts.tko-gameserver.de melden 
﻿01:12:14 : RCon admin #0: (Global) !!! Achtung Base Maintain alle 14 Tage !!!
﻿01:15:14 : RCon admin #0: (Global) Not allowed to Build on Building or Road 
﻿01:17:14 : RCon admin #0: (Global) Willkommen auf Livonia by TKO Gameserver 
﻿01:18:14 : RCon admin #0: (Global) No whine and play fair 
﻿01:22:14 : RCon admin #0: (Global) be careful ai have launcher 
﻿01:27:14 : RCon admin #0: (Global) Willkommen auf Livonia by TKO Gameserver 
﻿01:27:14 : RCon admin #0: (Global) Join on TS ts.tko-gameserver.de or visit discord.gg/rDxWpXb 
﻿01:32:14 : RCon admin #0: (Global) !!! Achtung Base Maintain alle 14 Tage !!!
﻿01:32:15 : RCon admin #0: (Global) Besucht uns auch auf Chernerus 2035/ Weferlingen  
﻿01:37:14 : RCon admin #0: (Global) Willkommen auf Livonia by TKO Gameserver 
﻿01:40:14 : RCon admin #0: (Global) schaut mal im TS vorbei:IP ts.tko-gameserver.de 
﻿01:42:14 : RCon admin #0: (Global) Für Fragen oder Probleme im TS ts.tko-gameserver.de melden 
﻿01:46:14 : RCon admin #0: (Global) No whine and play fair 
﻿01:47:14 : RCon admin #0: (Global) Willkommen auf Livonia by TKO Gameserver 
﻿01:47:15 : RCon admin #0: (Global) Play Fair and have Fun 
﻿01:52:14 : RCon admin #0: (Global) !!! Achtung Base Maintain alle 14 Tage !!!
﻿01:53:14 : RCon admin #0: (Global) Not allowed to Build on Building or Road 
﻿01:57:14 : RCon admin #0: (Global) Willkommen auf Livonia by TKO Gameserver 
﻿01:57:14 : RCon admin #0: (Global) Besucht uns auch auf Chernerus 2035/ Weferlingen  
﻿01:57:15 : RCon admin #0: (Global) Join on TS ts.tko-gameserver.de or visit discord.gg/rDxWpXb 
﻿02:02:14 : RCon admin #0: (Global) be careful ai have launcher 
﻿02:07:14 : RCon admin #0: (Global) Willkommen auf Livonia by TKO Gameserver 
﻿02:12:14 : RCon admin #0: (Global) !!! Achtung Base Maintain alle 14 Tage !!!
﻿02:14:14 : RCon admin #0: (Global) No whine and play fair 
﻿02:17:14 : RCon admin #0: (Global) Willkommen auf Livonia by TKO Gameserver 
﻿02:17:15 : RCon admin #0: (Global) Für Fragen oder Probleme im TS ts.tko-gameserver.de melden 
﻿02:22:14 : RCon admin #0: (Global) Besucht uns auch auf Chernerus 2035/ Weferlingen  
﻿02:27:14 : RCon admin #0: (Global) Willkommen auf Livonia by TKO Gameserver 
﻿02:27:15 : RCon admin #0: (Global) Join on TS ts.tko-gameserver.de or visit discord.gg/rDxWpXb 
﻿02:28:14 : RCon admin #0: (Global) schaut mal im TS vorbei:IP ts.tko-gameserver.de 
﻿02:31:14 : RCon admin #0: (Global) Not allowed to Build on Building or Road 
﻿02:32:14 : RCon admin #0: (Global) !!! Achtung Base Maintain alle 14 Tage !!!
﻿02:37:14 : RCon admin #0: (Global) Willkommen auf Livonia by TKO Gameserver 
﻿02:37:15 : RCon admin #0: (Global) Play Fair and have Fun 
﻿02:42:14 : RCon admin #0: (Global) No whine and play fair 
﻿02:42:14 : RCon admin #0: (Global) be careful ai have launcher 
﻿02:47:14 : RCon admin #0: (Global) Willkommen auf Livonia by TKO Gameserver 
﻿02:47:15 : RCon admin #0: (Global) Besucht uns auch auf Chernerus 2035/ Weferlingen  
﻿02:52:14 : RCon admin #0: (Global) !!! Achtung Base Maintain alle 14 Tage !!!
﻿02:52:14 : RCon admin #0: (Global) Für Fragen oder Probleme im TS ts.tko-gameserver.de melden 
﻿02:57:14 : RCon admin #0: (Global) Willkommen auf Livonia by TKO Gameserver 
﻿02:57:15 : RCon admin #0: (Global) Join on TS ts.tko-gameserver.de or visit discord.gg/rDxWpXb 
﻿03:07:14 : RCon admin #0: (Global) Willkommen auf Livonia by TKO Gameserver 
﻿03:09:14 : RCon admin #0: (Global) Not allowed to Build on Building or Road 
﻿03:10:14 : RCon admin #0: (Global) No whine and play fair 
﻿03:12:14 : RCon admin #0: (Global) !!! Achtung Base Maintain alle 14 Tage !!!
﻿03:12:15 : RCon admin #0: (Global) Besucht uns auch auf Chernerus 2035/ Weferlingen  
﻿03:16:14 : RCon admin #0: (Global) schaut mal im TS vorbei:IP ts.tko-gameserver.de 
﻿03:17:14 : RCon admin #0: (Global) Willkommen auf Livonia by TKO Gameserver 
﻿03:22:14 : RCon admin #0: (Global) be careful ai have launcher 
﻿03:27:14 : RCon admin #0: (Global) Willkommen auf Livonia by TKO Gameserver 
﻿03:27:15 : RCon admin #0: (Global) Join on TS ts.tko-gameserver.de or visit discord.gg/rDxWpXb 
﻿03:27:15 : RCon admin #0: (Global) Für Fragen oder Probleme im TS ts.tko-gameserver.de melden 
﻿03:27:15 : RCon admin #0: (Global) Play Fair and have Fun 
﻿03:32:14 : RCon admin #0: (Global) !!! Achtung Base Maintain alle 14 Tage !!!
﻿03:37:14 : RCon admin #0: (Global) Willkommen auf Livonia by TKO Gameserver 
﻿03:37:15 : RCon admin #0: (Global) Besucht uns auch auf Chernerus 2035/ Weferlingen  
﻿03:38:14 : RCon admin #0: (Global) No whine and play fair 
﻿03:47:14 : RCon admin #0: (Global) Willkommen auf Livonia by TKO Gameserver 
﻿03:47:14 : RCon admin #0: (Global) Not allowed to Build on Building or Road 
﻿03:52:14 : RCon admin #0: (Global) !!! Achtung Base Maintain alle 14 Tage !!!
﻿03:57:14 : RCon admin #0: (Global) Willkommen auf Livonia by TKO Gameserver 
﻿03:57:15 : RCon admin #0: (Global) Join on TS ts.tko-gameserver.de or visit discord.gg/rDxWpXb 
﻿04:02:14 : RCon admin #0: (Global) Besucht uns auch auf Chernerus 2035/ Weferlingen  
﻿04:02:14 : RCon admin #0: (Global) Für Fragen oder Probleme im TS ts.tko-gameserver.de melden 
﻿04:02:15 : RCon admin #0: (Global) be careful ai have launcher 
﻿04:04:14 : RCon admin #0: (Global) schaut mal im TS vorbei:IP ts.tko-gameserver.de 
﻿04:06:14 : RCon admin #0: (Global) No whine and play fair 
﻿04:07:14 : RCon admin #0: (Global) Willkommen auf Livonia by TKO Gameserver 
﻿04:12:14 : RCon admin #0: (Global) !!! Achtung Base Maintain alle 14 Tage !!!
﻿04:17:14 : RCon admin #0: (Global) Willkommen auf Livonia by TKO Gameserver 
﻿04:17:15 : RCon admin #0: (Global) Play Fair and have Fun 
﻿04:25:14 : RCon admin #0: (Global) Not allowed to Build on Building or Road 
﻿04:27:14 : RCon admin #0: (Global) Willkommen auf Livonia by TKO Gameserver 
﻿04:27:15 : RCon admin #0: (Global) Besucht uns auch auf Chernerus 2035/ Weferlingen  
﻿04:27:15 : RCon admin #0: (Global) Join on TS ts.tko-gameserver.de or visit discord.gg/rDxWpXb 
﻿04:32:14 : RCon admin #0: (Global) !!! Achtung Base Maintain alle 14 Tage !!!
﻿04:34:14 : RCon admin #0: (Global) No whine and play fair 
﻿04:37:14 : RCon admin #0: (Global) Willkommen auf Livonia by TKO Gameserver 
﻿04:37:14 : RCon admin #0: (Global) Für Fragen oder Probleme im TS ts.tko-gameserver.de melden 
﻿04:42:14 : RCon admin #0: (Global) be careful ai have launcher 
﻿04:47:14 : RCon admin #0: (Global) Willkommen auf Livonia by TKO Gameserver 
﻿04:52:14 : RCon admin #0: (Global) !!! Achtung Base Maintain alle 14 Tage !!!
﻿04:52:15 : RCon admin #0: (Global) Besucht uns auch auf Chernerus 2035/ Weferlingen  
﻿04:52:15 : RCon admin #0: (Global) schaut mal im TS vorbei:IP ts.tko-gameserver.de 
﻿04:57:14 : RCon admin #0: (Global) Willkommen auf Livonia by TKO Gameserver 
﻿04:57:14 : RCon admin #0: (Global) Join on TS ts.tko-gameserver.de or visit discord.gg/rDxWpXb 
﻿05:02:14 : RCon admin #0: (Global) No whine and play fair 
﻿05:03:14 : RCon admin #0: (Global) Not allowed to Build on Building or Road 
﻿05:07:14 : RCon admin #0: (Global) Willkommen auf Livonia by TKO Gameserver 
﻿05:07:15 : RCon admin #0: (Global) Play Fair and have Fun 
﻿05:12:14 : RCon admin #0: (Global) !!! Achtung Base Maintain alle 14 Tage !!!
﻿05:12:15 : RCon admin #0: (Global) Für Fragen oder Probleme im TS ts.tko-gameserver.de melden 
﻿05:17:14 : RCon admin #0: (Global) Willkommen auf Livonia by TKO Gameserver 
﻿05:17:15 : RCon admin #0: (Global) Besucht uns auch auf Chernerus 2035/ Weferlingen  
﻿05:22:14 : RCon admin #0: (Global) be careful ai have launcher 
﻿05:27:14 : RCon admin #0: (Global) Willkommen auf Livonia by TKO Gameserver 
﻿05:27:14 : RCon admin #0: (Global) Join on TS ts.tko-gameserver.de or visit discord.gg/rDxWpXb 
﻿05:30:00 : RCon admin #0: (Global) Server startet in 30 Minuten neu!
﻿05:30:14 : RCon admin #0: (Global) No whine and play fair 
﻿05:32:14 : RCon admin #0: (Global) !!! Achtung Base Maintain alle 14 Tage !!!
﻿05:37:14 : RCon admin #0: (Global) Willkommen auf Livonia by TKO Gameserver 
﻿05:40:14 : RCon admin #0: (Global) schaut mal im TS vorbei:IP ts.tko-gameserver.de 
﻿05:41:14 : RCon admin #0: (Global) Not allowed to Build on Building or Road 
﻿05:42:14 : RCon admin #0: (Global) Besucht uns auch auf Chernerus 2035/ Weferlingen  
﻿05:45:00 : RCon admin #0: (Global) Server startet in 15 Minuten neu!
﻿05:47:14 : RCon admin #0: (Global) Willkommen auf Livonia by TKO Gameserver 
﻿05:47:15 : RCon admin #0: (Global) Für Fragen oder Probleme im TS ts.tko-gameserver.de melden 
﻿05:52:14 : RCon admin #0: (Global) !!! Achtung Base Maintain alle 14 Tage !!!
﻿05:57:14 : RCon admin #0: (Global) Willkommen auf Livonia by TKO Gameserver 
﻿05:57:14 : RCon admin #0: (Global) Join on TS ts.tko-gameserver.de or visit discord.gg/rDxWpXb 
﻿05:57:15 : RCon admin #0: (Global) Play Fair and have Fun 
﻿05:58:14 : RCon admin #0: (Global) No whine and play fair 
﻿05:59:00 : RCon admin #0: (Global) Server startet in einer Minute neu!
﻿06:00:01 : Lost Connection!
﻿06:00:01 : Closing socket & exiting!
﻿06:02:11 : Starting plugin : WatchDog V.0.16
﻿06:02:11 : Creating watchdog for admin file...
﻿06:02:11 : Creating watchdog for command file...
﻿06:02:11 : Creating watchdog for badwords file...
﻿06:02:11 : Creating watchdog for badnames file...
﻿06:02:11 : Creating watchdog for BE filter files...
﻿06:02:15 : Rcon client logging in
﻿06:02:15 : RCon admin #0 (213.202.230.166:64733) logged in
﻿06:07:15 : RCon admin #0: (Global) Willkommen auf Livonia by TKO Gameserver 
﻿06:12:15 : RCon admin #0: (Global) !!! Achtung Base Maintain alle 14 Tage !!!
﻿06:17:15 : RCon admin #0: (Global) Willkommen auf Livonia by TKO Gameserver 
﻿06:17:15 : RCon admin #0: (Global) Besucht uns auch auf Chernerus 2035/ Weferlingen  
﻿06:22:15 : RCon admin #0: (Global) No whine and play fair 
﻿06:27:15 : RCon admin #0: (Global) Willkommen auf Livonia by TKO Gameserver 
﻿06:27:15 : RCon admin #0: (Global) Join on TS ts.tko-gameserver.de or visit discord.gg/rDxWpXb 
﻿06:32:15 : RCon admin #0: (Global) !!! Achtung Base Maintain alle 14 Tage !!!
﻿06:32:15 : RCon admin #0: (Global) Für Fragen oder Probleme im TS ts.tko-gameserver.de melden 
﻿06:37:15 : RCon admin #0: (Global) Willkommen auf Livonia by TKO Gameserver 
﻿06:37:15 : RCon admin #0: (Global) Not allowed to Build on Building or Road 
﻿06:42:15 : RCon admin #0: (Global) Besucht uns auch auf Chernerus 2035/ Weferlingen  
﻿06:42:15 : RCon admin #0: (Global) be careful ai have launcher 
﻿06:47:15 : RCon admin #0: (Global) Willkommen auf Livonia by TKO Gameserver 
﻿06:50:15 : RCon admin #0: (Global) No whine and play fair 
﻿06:52:15 : RCon admin #0: (Global) !!! Achtung Base Maintain alle 14 Tage !!!
﻿06:52:15 : RCon admin #0: (Global) schaut mal im TS vorbei:IP ts.tko-gameserver.de 
﻿06:57:15 : RCon admin #0: (Global) Willkommen auf Livonia by TKO Gameserver 
﻿06:57:15 : RCon admin #0: (Global) Join on TS ts.tko-gameserver.de or visit discord.gg/rDxWpXb 
﻿06:57:15 : RCon admin #0: (Global) Play Fair and have Fun 
﻿07:07:15 : RCon admin #0: (Global) Willkommen auf Livonia by TKO Gameserver 
﻿07:07:15 : RCon admin #0: (Global) Besucht uns auch auf Chernerus 2035/ Weferlingen  
﻿07:07:15 : RCon admin #0: (Global) Für Fragen oder Probleme im TS ts.tko-gameserver.de melden 
﻿07:12:15 : RCon admin #0: (Global) !!! Achtung Base Maintain alle 14 Tage !!!
﻿07:15:15 : RCon admin #0: (Global) Not allowed to Build on Building or Road 
﻿07:17:15 : RCon admin #0: (Global) Willkommen auf Livonia by TKO Gameserver 
﻿07:18:15 : RCon admin #0: (Global) No whine and play fair 
﻿07:22:15 : RCon admin #0: (Global) be careful ai have launcher 
﻿07:27:15 : RCon admin #0: (Global) Willkommen auf Livonia by TKO Gameserver 
﻿07:27:15 : RCon admin #0: (Global) Join on TS ts.tko-gameserver.de or visit discord.gg/rDxWpXb 
﻿07:32:15 : RCon admin #0: (Global) !!! Achtung Base Maintain alle 14 Tage !!!
﻿07:32:15 : RCon admin #0: (Global) Besucht uns auch auf Chernerus 2035/ Weferlingen  
﻿07:37:15 : RCon admin #0: (Global) Willkommen auf Livonia by TKO Gameserver 
﻿07:40:15 : RCon admin #0: (Global) schaut mal im TS vorbei:IP ts.tko-gameserver.de 
﻿07:42:15 : RCon admin #0: (Global) Für Fragen oder Probleme im TS ts.tko-gameserver.de melden 
﻿07:46:15 : RCon admin #0: (Global) No whine and play fair 
﻿07:47:15 : RCon admin #0: (Global) Willkommen auf Livonia by TKO Gameserver 
﻿07:47:15 : RCon admin #0: (Global) Play Fair and have Fun 
﻿07:52:15 : RCon admin #0: (Global) !!! Achtung Base Maintain alle 14 Tage !!!
﻿07:53:15 : RCon admin #0: (Global) Not allowed to Build on Building or Road 
﻿07:57:15 : RCon admin #0: (Global) Willkommen auf Livonia by TKO Gameserver 
﻿07:57:15 : RCon admin #0: (Global) Besucht uns auch auf Chernerus 2035/ Weferlingen  
﻿07:57:15 : RCon admin #0: (Global) Join on TS ts.tko-gameserver.de or visit discord.gg/rDxWpXb 
﻿08:02:15 : RCon admin #0: (Global) be careful ai have launcher 
﻿08:07:15 : RCon admin #0: (Global) Willkommen auf Livonia by TKO Gameserver 
﻿08:12:15 : RCon admin #0: (Global) !!! Achtung Base Maintain alle 14 Tage !!!
﻿08:14:15 : RCon admin #0: (Global) No whine and play fair 
﻿08:17:15 : RCon admin #0: (Global) Willkommen auf Livonia by TKO Gameserver 
﻿08:17:15 : RCon admin #0: (Global) Für Fragen oder Probleme im TS ts.tko-gameserver.de melden 
﻿08:22:15 : RCon admin #0: (Global) Besucht uns auch auf Chernerus 2035/ Weferlingen  
﻿08:27:15 : RCon admin #0: (Global) Willkommen auf Livonia by TKO Gameserver 
﻿08:27:15 : RCon admin #0: (Global) Join on TS ts.tko-gameserver.de or visit discord.gg/rDxWpXb 
﻿08:28:15 : RCon admin #0: (Global) schaut mal im TS vorbei:IP ts.tko-gameserver.de 
﻿08:31:15 : RCon admin #0: (Global) Not allowed to Build on Building or Road 
﻿08:32:15 : RCon admin #0: (Global) !!! Achtung Base Maintain alle 14 Tage !!!
﻿08:37:15 : RCon admin #0: (Global) Willkommen auf Livonia by TKO Gameserver 
﻿08:37:15 : RCon admin #0: (Global) Play Fair and have Fun 
﻿08:42:15 : RCon admin #0: (Global) No whine and play fair 
﻿08:42:15 : RCon admin #0: (Global) be careful ai have launcher 
﻿08:47:15 : RCon admin #0: (Global) Willkommen auf Livonia by TKO Gameserver 
﻿08:47:15 : RCon admin #0: (Global) Besucht uns auch auf Chernerus 2035/ Weferlingen  
﻿08:52:15 : RCon admin #0: (Global) !!! Achtung Base Maintain alle 14 Tage !!!
﻿08:52:15 : RCon admin #0: (Global) Für Fragen oder Probleme im TS ts.tko-gameserver.de melden 
﻿08:57:15 : RCon admin #0: (Global) Willkommen auf Livonia by TKO Gameserver 
﻿08:57:15 : RCon admin #0: (Global) Join on TS ts.tko-gameserver.de or visit discord.gg/rDxWpXb 
﻿09:07:15 : RCon admin #0: (Global) Willkommen auf Livonia by TKO Gameserver 
﻿09:09:15 : RCon admin #0: (Global) Not allowed to Build on Building or Road 
﻿09:10:15 : RCon admin #0: (Global) No whine and play fair 
﻿09:12:15 : RCon admin #0: (Global) !!! Achtung Base Maintain alle 14 Tage !!!
﻿09:12:15 : RCon admin #0: (Global) Besucht uns auch auf Chernerus 2035/ Weferlingen  
﻿09:16:15 : RCon admin #0: (Global) schaut mal im TS vorbei:IP ts.tko-gameserver.de 
﻿09:17:15 : RCon admin #0: (Global) Willkommen auf Livonia by TKO Gameserver 
﻿09:22:15 : RCon admin #0: (Global) be careful ai have launcher 
﻿09:27:15 : RCon admin #0: (Global) Willkommen auf Livonia by TKO Gameserver 
﻿09:27:15 : RCon admin #0: (Global) Join on TS ts.tko-gameserver.de or visit discord.gg/rDxWpXb 
﻿09:27:15 : RCon admin #0: (Global) Für Fragen oder Probleme im TS ts.tko-gameserver.de melden 
﻿09:27:15 : RCon admin #0: (Global) Play Fair and have Fun 
﻿09:32:15 : RCon admin #0: (Global) !!! Achtung Base Maintain alle 14 Tage !!!
﻿09:37:15 : RCon admin #0: (Global) Willkommen auf Livonia by TKO Gameserver 
﻿09:37:15 : RCon admin #0: (Global) Besucht uns auch auf Chernerus 2035/ Weferlingen  
﻿09:38:15 : RCon admin #0: (Global) No whine and play fair 
﻿09:47:15 : RCon admin #0: (Global) Willkommen auf Livonia by TKO Gameserver 
﻿09:47:15 : RCon admin #0: (Global) Not allowed to Build on Building or Road 
﻿09:52:15 : RCon admin #0: (Global) !!! Achtung Base Maintain alle 14 Tage !!!
﻿09:57:15 : RCon admin #0: (Global) Willkommen auf Livonia by TKO Gameserver 
﻿09:57:15 : RCon admin #0: (Global) Join on TS ts.tko-gameserver.de or visit discord.gg/rDxWpXb 
﻿10:02:15 : RCon admin #0: (Global) Besucht uns auch auf Chernerus 2035/ Weferlingen  
﻿10:02:15 : RCon admin #0: (Global) Für Fragen oder Probleme im TS ts.tko-gameserver.de melden 
﻿10:02:15 : RCon admin #0: (Global) be careful ai have launcher 
﻿10:04:15 : RCon admin #0: (Global) schaut mal im TS vorbei:IP ts.tko-gameserver.de 
﻿10:06:15 : RCon admin #0: (Global) No whine and play fair 
﻿10:07:15 : RCon admin #0: (Global) Willkommen auf Livonia by TKO Gameserver 
﻿10:12:15 : RCon admin #0: (Global) !!! Achtung Base Maintain alle 14 Tage !!!
﻿10:17:15 : RCon admin #0: (Global) Willkommen auf Livonia by TKO Gameserver 
﻿10:17:15 : RCon admin #0: (Global) Play Fair and have Fun 
﻿10:25:15 : RCon admin #0: (Global) Not allowed to Build on Building or Road 
﻿10:27:15 : RCon admin #0: (Global) Willkommen auf Livonia by TKO Gameserver 
﻿10:27:15 : RCon admin #0: (Global) Besucht uns auch auf Chernerus 2035/ Weferlingen  
﻿10:27:15 : RCon admin #0: (Global) Join on TS ts.tko-gameserver.de or visit discord.gg/rDxWpXb 
﻿10:32:15 : RCon admin #0: (Global) !!! Achtung Base Maintain alle 14 Tage !!!
﻿10:34:15 : RCon admin #0: (Global) No whine and play fair 
﻿10:37:15 : RCon admin #0: (Global) Willkommen auf Livonia by TKO Gameserver 
﻿10:37:15 : RCon admin #0: (Global) Für Fragen oder Probleme im TS ts.tko-gameserver.de melden 
﻿10:42:15 : RCon admin #0: (Global) be careful ai have launcher 
﻿10:47:15 : RCon admin #0: (Global) Willkommen auf Livonia by TKO Gameserver 
﻿10:52:15 : RCon admin #0: (Global) !!! Achtung Base Maintain alle 14 Tage !!!
﻿10:52:15 : RCon admin #0: (Global) Besucht uns auch auf Chernerus 2035/ Weferlingen  
﻿10:52:15 : RCon admin #0: (Global) schaut mal im TS vorbei:IP ts.tko-gameserver.de 
﻿10:57:15 : RCon admin #0: (Global) Willkommen auf Livonia by TKO Gameserver 
﻿10:57:15 : RCon admin #0: (Global) Join on TS ts.tko-gameserver.de or visit discord.gg/rDxWpXb 
﻿11:02:15 : RCon admin #0: (Global) No whine and play fair 
﻿11:03:15 : RCon admin #0: (Global) Not allowed to Build on Building or Road 
﻿11:07:15 : RCon admin #0: (Global) Willkommen auf Livonia by TKO Gameserver 
﻿11:07:15 : RCon admin #0: (Global) Play Fair and have Fun 
﻿11:12:15 : RCon admin #0: (Global) !!! Achtung Base Maintain alle 14 Tage !!!
﻿11:12:15 : RCon admin #0: (Global) Für Fragen oder Probleme im TS ts.tko-gameserver.de melden 
﻿11:17:15 : RCon admin #0: (Global) Willkommen auf Livonia by TKO Gameserver 
﻿11:17:15 : RCon admin #0: (Global) Besucht uns auch auf Chernerus 2035/ Weferlingen  
﻿11:21:11 : Player #0 Freebird33 (81.98.4.128:2332) connected
﻿11:21:11 : Connected to BE Master
﻿11:21:13 : Player #0 Freebird33 - BE GUID: 0e2b99bdacd850f5aebe15181e350988
﻿11:21:13 : Verified GUID (0e2b99bdacd850f5aebe15181e350988) of player #0 Freebird33
﻿11:22:15 : RCon admin #0: (Global) be careful ai have launcher 
﻿11:27:15 : RCon admin #0: (Global) Willkommen auf Livonia by TKO Gameserver 
﻿11:27:15 : RCon admin #0: (Global) Join on TS ts.tko-gameserver.de or visit discord.gg/rDxWpXb 
﻿11:30:00 : RCon admin #0: (Global) Server startet in 30 Minuten neu!
﻿11:30:15 : RCon admin #0: (Global) No whine and play fair 
﻿11:32:15 : RCon admin #0: (Global) !!! Achtung Base Maintain alle 14 Tage !!!
﻿11:37:15 : RCon admin #0: (Global) Willkommen auf Livonia by TKO Gameserver 
﻿11:40:15 : RCon admin #0: (Global) schaut mal im TS vorbei:IP ts.tko-gameserver.de 
﻿11:41:15 : RCon admin #0: (Global) Not allowed to Build on Building or Road 
﻿11:42:15 : RCon admin #0: (Global) Besucht uns auch auf Chernerus 2035/ Weferlingen  
﻿11:45:00 : RCon admin #0: (Global) Server startet in 15 Minuten neu!
﻿11:47:15 : RCon admin #0: (Global) Willkommen auf Livonia by TKO Gameserver 
﻿11:47:15 : RCon admin #0: (Global) Für Fragen oder Probleme im TS ts.tko-gameserver.de melden 
﻿11:52:15 : RCon admin #0: (Global) !!! Achtung Base Maintain alle 14 Tage !!!
﻿11:52:59 : Player #0 Freebird33 disconnected
﻿11:57:15 : RCon admin #0: (Global) Willkommen auf Livonia by TKO Gameserver 
﻿11:57:15 : RCon admin #0: (Global) Join on TS ts.tko-gameserver.de or visit discord.gg/rDxWpXb 
﻿11:57:15 : RCon admin #0: (Global) Play Fair and have Fun 
﻿11:58:15 : RCon admin #0: (Global) No whine and play fair 
﻿11:59:00 : RCon admin #0: (Global) Server startet in einer Minute neu!
﻿12:00:00 : Lost Connection!
﻿12:00:00 : Closing socket & exiting!
﻿12:02:10 : Starting plugin : WatchDog V.0.16
﻿12:02:10 : Creating watchdog for admin file...
﻿12:02:10 : Creating watchdog for command file...
﻿12:02:10 : Creating watchdog for badwords file...
﻿12:02:10 : Creating watchdog for badnames file...
﻿12:02:10 : Creating watchdog for BE filter files...
﻿12:02:14 : Rcon client logging in
﻿12:02:14 : RCon admin #0 (213.202.230.166:56183) logged in
﻿12:07:14 : RCon admin #0: (Global) Willkommen auf Livonia by TKO Gameserver 
﻿12:12:14 : RCon admin #0: (Global) !!! Achtung Base Maintain alle 14 Tage !!!
﻿12:16:41 : Player #0 Freebird33 (81.98.4.128:2332) connected
﻿12:16:41 : Connected to BE Master
﻿12:16:42 : Player #0 Freebird33 - BE GUID: 0e2b99bdacd850f5aebe15181e350988
﻿12:16:43 : Verified GUID (0e2b99bdacd850f5aebe15181e350988) of player #0 Freebird33
﻿12:17:14 : RCon admin #0: (Global) Willkommen auf Livonia by TKO Gameserver 
﻿12:17:14 : RCon admin #0: (Global) Besucht uns auch auf Chernerus 2035/ Weferlingen  
﻿12:22:14 : RCon admin #0: (Global) No whine and play fair 
﻿12:22:34 : Player #1 Holzauge (79.252.94.83:2332) connected
﻿12:22:35 : Player #1 Holzauge - BE GUID: af4455d4805505d3ae7762da6683443f
﻿12:22:35 : Verified GUID (af4455d4805505d3ae7762da6683443f) of player #1 Holzauge
﻿12:27:14 : RCon admin #0: (Global) Willkommen auf Livonia by TKO Gameserver 
﻿12:27:14 : RCon admin #0: (Global) Join on TS ts.tko-gameserver.de or visit discord.gg/rDxWpXb 
﻿12:32:14 : RCon admin #0: (Global) !!! Achtung Base Maintain alle 14 Tage !!!
﻿12:32:15 : RCon admin #0: (Global) Für Fragen oder Probleme im TS ts.tko-gameserver.de melden 
﻿12:37:14 : RCon admin #0: (Global) Willkommen auf Livonia by TKO Gameserver 
﻿12:37:14 : RCon admin #0: (Global) Not allowed to Build on Building or Road 
﻿12:40:27 : Player #2 Jack jumper (134.101.33.110:2332) connected
﻿12:40:29 : Player #2 Jack jumper - BE GUID: cd242ed339e876f22ae616a2d1605a15
﻿12:40:29 : Verified GUID (cd242ed339e876f22ae616a2d1605a15) of player #2 Jack jumper
﻿12:42:14 : RCon admin #0: (Global) Besucht uns auch auf Chernerus 2035/ Weferlingen  
﻿12:42:15 : RCon admin #0: (Global) be careful ai have launcher 
﻿12:47:14 : RCon admin #0: (Global) Willkommen auf Livonia by TKO Gameserver 
﻿12:50:14 : RCon admin #0: (Global) No whine and play fair 
﻿12:52:14 : RCon admin #0: (Global) !!! Achtung Base Maintain alle 14 Tage !!!
﻿12:52:14 : RCon admin #0: (Global) schaut mal im TS vorbei:IP ts.tko-gameserver.de 
﻿12:57:14 : RCon admin #0: (Global) Willkommen auf Livonia by TKO Gameserver 
﻿12:57:15 : RCon admin #0: (Global) Join on TS ts.tko-gameserver.de or visit discord.gg/rDxWpXb 
﻿12:57:15 : RCon admin #0: (Global) Play Fair and have Fun 
﻿13:07:14 : RCon admin #0: (Global) Willkommen auf Livonia by TKO Gameserver 
﻿13:07:15 : RCon admin #0: (Global) Besucht uns auch auf Chernerus 2035/ Weferlingen  
﻿13:07:15 : RCon admin #0: (Global) Für Fragen oder Probleme im TS ts.tko-gameserver.de melden 
﻿13:12:14 : RCon admin #0: (Global) !!! Achtung Base Maintain alle 14 Tage !!!
﻿13:15:14 : RCon admin #0: (Global) Not allowed to Build on Building or Road 
﻿13:17:14 : RCon admin #0: (Global) Willkommen auf Livonia by TKO Gameserver 
﻿13:18:14 : RCon admin #0: (Global) No whine and play fair 
﻿13:22:14 : RCon admin #0: (Global) be careful ai have launcher 
﻿13:27:14 : RCon admin #0: (Global) Willkommen auf Livonia by TKO Gameserver 
﻿13:27:15 : RCon admin #0: (Global) Join on TS ts.tko-gameserver.de or visit discord.gg/rDxWpXb 
﻿13:28:02 : Player #3 Thomas (188.74.10.55:2332) connected
﻿13:28:03 : Player #3 Thomas - BE GUID: f1ea2b7e00f68c18d66620b2536542d2
﻿13:28:03 : Verified GUID (f1ea2b7e00f68c18d66620b2536542d2) of player #3 Thomas
﻿13:32:14 : RCon admin #0: (Global) !!! Achtung Base Maintain alle 14 Tage !!!
﻿13:32:15 : RCon admin #0: (Global) Besucht uns auch auf Chernerus 2035/ Weferlingen  
﻿13:37:14 : RCon admin #0: (Global) Willkommen auf Livonia by TKO Gameserver 
﻿13:40:14 : RCon admin #0: (Global) schaut mal im TS vorbei:IP ts.tko-gameserver.de 
﻿13:42:14 : RCon admin #0: (Global) Für Fragen oder Probleme im TS ts.tko-gameserver.de melden 
﻿13:45:10 : Player #4 Der Franke - Otti (79.224.190.116:2332) connected
﻿13:45:11 : Player #4 Der Franke - Otti - BE GUID: 3515d10d7e223dc107097b76ea46fab5
﻿13:45:11 : Verified GUID (3515d10d7e223dc107097b76ea46fab5) of player #4 Der Franke - Otti
﻿13:45:58 : Player #2 Jack jumper disconnected
﻿13:46:14 : RCon admin #0: (Global) No whine and play fair 
﻿13:46:44 : Player #5 Jack jumper (134.101.33.110:2332) connected
﻿13:46:46 : Player #5 Jack jumper - BE GUID: cd242ed339e876f22ae616a2d1605a15
﻿13:46:46 : Verified GUID (cd242ed339e876f22ae616a2d1605a15) of player #5 Jack jumper
﻿13:47:14 : RCon admin #0: (Global) Willkommen auf Livonia by TKO Gameserver 
﻿13:47:15 : RCon admin #0: (Global) Play Fair and have Fun 
﻿13:52:14 : RCon admin #0: (Global) !!! Achtung Base Maintain alle 14 Tage !!!
﻿13:53:14 : RCon admin #0: (Global) Not allowed to Build on Building or Road 
﻿13:57:14 : RCon admin #0: (Global) Willkommen auf Livonia by TKO Gameserver 
﻿13:57:14 : RCon admin #0: (Global) Besucht uns auch auf Chernerus 2035/ Weferlingen  
﻿13:57:15 : RCon admin #0: (Global) Join on TS ts.tko-gameserver.de or visit discord.gg/rDxWpXb 
﻿14:02:14 : RCon admin #0: (Global) be careful ai have launcher 
﻿14:07:14 : RCon admin #0: (Global) Willkommen auf Livonia by TKO Gameserver 
﻿14:08:03 : Player #4 Der Franke - Otti disconnected
﻿14:11:39 : Player #6 Mirrix (77.6.22.135:2332) connected
﻿14:11:41 : Player #6 Mirrix - BE GUID: 2aaa1236cecb1c00c9bac5705b952f0f
﻿14:11:41 : Verified GUID (2aaa1236cecb1c00c9bac5705b952f0f) of player #6 Mirrix
﻿14:12:14 : RCon admin #0: (Global) !!! Achtung Base Maintain alle 14 Tage !!!
﻿14:14:14 : RCon admin #0: (Global) No whine and play fair 
﻿14:17:14 : RCon admin #0: (Global) Willkommen auf Livonia by TKO Gameserver 
﻿14:17:15 : RCon admin #0: (Global) Für Fragen oder Probleme im TS ts.tko-gameserver.de melden 
﻿14:18:36 : Player #1 Holzauge disconnected
﻿14:19:55 : Player #6 Mirrix disconnected
﻿14:22:14 : RCon admin #0: (Global) Besucht uns auch auf Chernerus 2035/ Weferlingen  
﻿14:23:55 : Player #6 Der Franke - Otti (79.224.190.116:2332) connected
﻿14:23:56 : Player #6 Der Franke - Otti - BE GUID: 3515d10d7e223dc107097b76ea46fab5
﻿14:23:56 : Verified GUID (3515d10d7e223dc107097b76ea46fab5) of player #6 Der Franke - Otti
﻿14:26:01 : Player #6 Der Franke - Otti disconnected
﻿14:27:14 : RCon admin #0: (Global) Willkommen auf Livonia by TKO Gameserver 
﻿14:27:15 : RCon admin #0: (Global) Join on TS ts.tko-gameserver.de or visit discord.gg/rDxWpXb 
﻿14:28:14 : RCon admin #0: (Global) schaut mal im TS vorbei:IP ts.tko-gameserver.de 
﻿14:31:14 : RCon admin #0: (Global) Not allowed to Build on Building or Road 
﻿14:32:14 : RCon admin #0: (Global) !!! Achtung Base Maintain alle 14 Tage !!!
﻿14:36:40 : Player #6 Der Franke - Otti (79.224.190.116:2332) connected
﻿14:36:41 : Player #6 Der Franke - Otti - BE GUID: 3515d10d7e223dc107097b76ea46fab5
﻿14:36:41 : Verified GUID (3515d10d7e223dc107097b76ea46fab5) of player #6 Der Franke - Otti
﻿14:37:14 : RCon admin #0: (Global) Willkommen auf Livonia by TKO Gameserver 
﻿14:37:14 : RCon admin #0: (Global) Play Fair and have Fun 
﻿14:38:45 : Player #6 Der Franke - Otti disconnected
﻿14:42:14 : RCon admin #0: (Global) No whine and play fair 
﻿14:42:14 : RCon admin #0: (Global) be careful ai have launcher 
﻿14:47:14 : RCon admin #0: (Global) Willkommen auf Livonia by TKO Gameserver 
﻿14:47:15 : RCon admin #0: (Global) Besucht uns auch auf Chernerus 2035/ Weferlingen  
﻿14:48:57 : Player #6 Der Franke - Otti (79.224.190.116:2332) connected
﻿14:48:57 : Player #6 Der Franke - Otti - BE GUID: 3515d10d7e223dc107097b76ea46fab5
﻿14:48:58 : Verified GUID (3515d10d7e223dc107097b76ea46fab5) of player #6 Der Franke - Otti
﻿14:51:03 : Player #6 Der Franke - Otti disconnected
﻿14:52:14 : RCon admin #0: (Global) !!! Achtung Base Maintain alle 14 Tage !!!
﻿14:52:15 : RCon admin #0: (Global) Für Fragen oder Probleme im TS ts.tko-gameserver.de melden 
﻿14:57:14 : RCon admin #0: (Global) Willkommen auf Livonia by TKO Gameserver 
﻿14:57:15 : RCon admin #0: (Global) Join on TS ts.tko-gameserver.de or visit discord.gg/rDxWpXb 
﻿15:04:48 : Player #5 Jack jumper disconnected
﻿15:07:02 : Player #3 Thomas disconnected
﻿15:07:14 : RCon admin #0: (Global) Willkommen auf Livonia by TKO Gameserver 
﻿15:07:22 : Player #0 Freebird33 disconnected
﻿15:07:33 : Lost Connection!
﻿15:07:33 : Closing socket & exiting!
﻿15:09:50 : Starting plugin : WatchDog V.0.16
﻿15:09:50 : Creating watchdog for admin file...
﻿15:09:50 : Creating watchdog for command file...
﻿15:09:50 : Creating watchdog for badwords file...
﻿15:09:50 : Creating watchdog for badnames file...
﻿15:09:50 : Creating watchdog for BE filter files...
﻿15:09:54 : Rcon client logging in
﻿15:09:54 : RCon admin #0 (213.202.230.166:53242) logged in
﻿15:10:33 : Player #0 Thomas (188.74.10.55:2332) connected
﻿15:10:33 : Connected to BE Master
﻿15:10:34 : Player #0 Thomas - BE GUID: f1ea2b7e00f68c18d66620b2536542d2
﻿15:10:34 : Verified GUID (f1ea2b7e00f68c18d66620b2536542d2) of player #0 Thomas
﻿15:10:49 : Player #1 Freebird33 (81.98.4.128:2332) connected
﻿15:10:50 : Player #1 Freebird33 - BE GUID: 0e2b99bdacd850f5aebe15181e350988
﻿15:10:51 : Verified GUID (0e2b99bdacd850f5aebe15181e350988) of player #1 Freebird33
﻿15:14:54 : RCon admin #0: (Global) Willkommen auf Livonia by TKO Gameserver 
﻿15:19:54 : RCon admin #0: (Global) !!! Achtung Base Maintain alle 14 Tage !!!
﻿15:24:54 : RCon admin #0: (Global) Willkommen auf Livonia by TKO Gameserver 
﻿15:24:54 : RCon admin #0: (Global) Besucht uns auch auf Chernerus 2035/ Weferlingen  
﻿15:29:54 : RCon admin #0: (Global) No whine and play fair 
﻿15:34:54 : RCon admin #0: (Global) Willkommen auf Livonia by TKO Gameserver 
﻿15:34:55 : RCon admin #0: (Global) Join on TS ts.tko-gameserver.de or visit discord.gg/rDxWpXb 
﻿15:39:54 : RCon admin #0: (Global) !!! Achtung Base Maintain alle 14 Tage !!!
﻿15:39:55 : RCon admin #0: (Global) Für Fragen oder Probleme im TS ts.tko-gameserver.de melden 
﻿15:41:29 : Player #1 Freebird33 disconnected
﻿15:44:54 : RCon admin #0: (Global) Willkommen auf Livonia by TKO Gameserver 
﻿15:44:54 : RCon admin #0: (Global) Not allowed to Build on Building or Road 
﻿15:49:54 : RCon admin #0: (Global) Besucht uns auch auf Chernerus 2035/ Weferlingen  
﻿15:49:55 : RCon admin #0: (Global) be careful ai have launcher 
﻿15:54:54 : RCon admin #0: (Global) Willkommen auf Livonia by TKO Gameserver 
﻿15:57:54 : RCon admin #0: (Global) No whine and play fair 
﻿15:59:54 : RCon admin #0: (Global) !!! Achtung Base Maintain alle 14 Tage !!!
﻿15:59:55 : RCon admin #0: (Global) schaut mal im TS vorbei:IP ts.tko-gameserver.de 
﻿16:04:54 : RCon admin #0: (Global) Willkommen auf Livonia by TKO Gameserver 
﻿16:04:54 : RCon admin #0: (Global) Join on TS ts.tko-gameserver.de or visit discord.gg/rDxWpXb 
﻿16:04:55 : RCon admin #0: (Global) Play Fair and have Fun 
﻿16:14:54 : RCon admin #0: (Global) Willkommen auf Livonia by TKO Gameserver 
﻿16:14:55 : RCon admin #0: (Global) Besucht uns auch auf Chernerus 2035/ Weferlingen  
﻿16:14:55 : RCon admin #0: (Global) Für Fragen oder Probleme im TS ts.tko-gameserver.de melden 
﻿16:19:54 : RCon admin #0: (Global) !!! Achtung Base Maintain alle 14 Tage !!!
﻿16:22:54 : RCon admin #0: (Global) Not allowed to Build on Building or Road 
﻿16:24:54 : RCon admin #0: (Global) Willkommen auf Livonia by TKO Gameserver 
﻿16:25:54 : RCon admin #0: (Global) No whine and play fair 
﻿16:29:54 : RCon admin #0: (Global) be careful ai have launcher 
﻿16:30:57 : Lost Connection!
﻿16:30:57 : Closing socket & exiting!
﻿16:33:10 : Starting plugin : WatchDog V.0.16
﻿16:33:10 : Creating watchdog for admin file...
﻿16:33:10 : Creating watchdog for command file...
﻿16:33:10 : Creating watchdog for badwords file...
﻿16:33:10 : Creating watchdog for badnames file...
﻿16:33:10 : Creating watchdog for BE filter files...
﻿16:33:14 : Rcon client logging in
﻿16:33:14 : RCon admin #0 (213.202.230.166:49773) logged in
﻿16:38:14 : RCon admin #0: (Global) Willkommen auf Livonia by TKO Gameserver 
﻿16:43:14 : RCon admin #0: (Global) !!! Achtung Base Maintain alle 14 Tage !!!
﻿16:47:17 : Lost Connection!
﻿16:47:17 : Closing socket & exiting!
﻿16:51:50 : Starting plugin : WatchDog V.0.16
﻿16:51:50 : Creating watchdog for admin file...
﻿16:51:50 : Creating watchdog for command file...
﻿16:51:50 : Creating watchdog for badwords file...
﻿16:51:50 : Creating watchdog for badnames file...
﻿16:51:50 : Creating watchdog for BE filter files...
﻿16:51:54 : Rcon client logging in
﻿16:51:54 : RCon admin #0 (213.202.230.166:57270) logged in
﻿16:53:11 : Player #0 Thomas (188.74.10.55:2332) connected
﻿16:53:11 : Connected to BE Master
﻿16:53:12 : Player #0 Thomas - BE GUID: f1ea2b7e00f68c18d66620b2536542d2
﻿16:53:13 : Verified GUID (f1ea2b7e00f68c18d66620b2536542d2) of player #0 Thomas
﻿16:56:54 : RCon admin #0: (Global) Willkommen auf Livonia by TKO Gameserver 
﻿17:01:55 : RCon admin #0: (Global) !!! Achtung Base Maintain alle 14 Tage !!!
﻿17:06:55 : RCon admin #0: (Global) Willkommen auf Livonia by TKO Gameserver 
﻿17:06:55 : RCon admin #0: (Global) Besucht uns auch auf Chernerus 2035/ Weferlingen  
﻿17:11:54 : RCon admin #0: (Global) No whine and play fair 
﻿17:15:56 : Player #0 Thomas disconnected
﻿17:16:54 : RCon admin #0: (Global) Willkommen auf Livonia by TKO Gameserver 
﻿17:16:55 : RCon admin #0: (Global) Join on TS ts.tko-gameserver.de or visit discord.gg/rDxWpXb 
﻿17:21:55 : RCon admin #0: (Global) !!! Achtung Base Maintain alle 14 Tage !!!
﻿17:21:55 : RCon admin #0: (Global) Für Fragen oder Probleme im TS ts.tko-gameserver.de melden 
﻿17:26:55 : RCon admin #0: (Global) Willkommen auf Livonia by TKO Gameserver 
﻿17:26:55 : RCon admin #0: (Global) Not allowed to Build on Building or Road 
﻿17:30:00 : RCon admin #0: (Global) Server startet in 30 Minuten neu!
﻿17:31:55 : RCon admin #0: (Global) Besucht uns auch auf Chernerus 2035/ Weferlingen  
﻿17:31:55 : RCon admin #0: (Global) be careful ai have launcher 
﻿17:36:55 : RCon admin #0: (Global) Willkommen auf Livonia by TKO Gameserver 
﻿17:39:54 : RCon admin #0: (Global) No whine and play fair 
﻿17:41:54 : RCon admin #0: (Global) !!! Achtung Base Maintain alle 14 Tage !!!
﻿17:41:55 : RCon admin #0: (Global) schaut mal im TS vorbei:IP ts.tko-gameserver.de 
﻿17:45:00 : RCon admin #0: (Global) Server startet in 15 Minuten neu!
﻿17:46:54 : RCon admin #0: (Global) Willkommen auf Livonia by TKO Gameserver 
﻿17:46:55 : RCon admin #0: (Global) Join on TS ts.tko-gameserver.de or visit discord.gg/rDxWpXb 
﻿17:46:55 : RCon admin #0: (Global) Play Fair and have Fun 
﻿17:47:26 : Lost Connection!
﻿17:47:26 : Closing socket & exiting!
﻿17:49:40 : Starting plugin : WatchDog V.0.16
﻿17:49:40 : Creating watchdog for admin file...
﻿17:49:40 : Creating watchdog for command file...
﻿17:49:40 : Creating watchdog for badwords file...
﻿17:49:40 : Creating watchdog for badnames file...
﻿17:49:40 : Creating watchdog for BE filter files...
﻿17:49:44 : Rcon client logging in
﻿17:49:44 : RCon admin #0 (213.202.230.166:64733) logged in
﻿17:54:44 : RCon admin #0: (Global) Willkommen auf Livonia by TKO Gameserver 
﻿17:59:00 : RCon admin #0: (Global) Server startet in einer Minute neu!
﻿17:59:44 : RCon admin #0: (Global) !!! Achtung Base Maintain alle 14 Tage !!!
﻿18:00:01 : Lost Connection!
﻿18:00:01 : Closing socket & exiting!
﻿18:02:10 : Starting plugin : WatchDog V.0.16
﻿18:02:10 : Creating watchdog for admin file...
﻿18:02:10 : Creating watchdog for command file...
﻿18:02:10 : Creating watchdog for badwords file...
﻿18:02:10 : Creating watchdog for badnames file...
﻿18:02:10 : Creating watchdog for BE filter files...
﻿18:02:14 : Rcon client logging in
﻿18:02:14 : RCon admin #0 (213.202.230.166:64736) logged in
﻿18:07:14 : RCon admin #0: (Global) Willkommen auf Livonia by TKO Gameserver 
﻿18:12:14 : RCon admin #0: (Global) !!! Achtung Base Maintain alle 14 Tage !!!
﻿18:17:14 : RCon admin #0: (Global) Willkommen auf Livonia by TKO Gameserver 
﻿18:17:14 : RCon admin #0: (Global) Besucht uns auch auf Chernerus 2035/ Weferlingen  
﻿18:22:14 : RCon admin #0: (Global) No whine and play fair 
﻿18:27:14 : RCon admin #0: (Global) Willkommen auf Livonia by TKO Gameserver 
﻿18:27:14 : RCon admin #0: (Global) Join on TS ts.tko-gameserver.de or visit discord.gg/rDxWpXb 
﻿18:32:14 : RCon admin #0: (Global) !!! Achtung Base Maintain alle 14 Tage !!!
﻿18:32:14 : RCon admin #0: (Global) Für Fragen oder Probleme im TS ts.tko-gameserver.de melden 
﻿18:37:14 : RCon admin #0: (Global) Willkommen auf Livonia by TKO Gameserver 
﻿18:37:14 : RCon admin #0: (Global) Not allowed to Build on Building or Road 
﻿18:42:14 : RCon admin #0: (Global) Besucht uns auch auf Chernerus 2035/ Weferlingen  
﻿18:42:14 : RCon admin #0: (Global) be careful ai have launcher 
﻿18:47:14 : RCon admin #0: (Global) Willkommen auf Livonia by TKO Gameserver 
﻿18:50:14 : RCon admin #0: (Global) No whine and play fair 
﻿18:52:14 : RCon admin #0: (Global) !!! Achtung Base Maintain alle 14 Tage !!!
﻿18:52:14 : RCon admin #0: (Global) schaut mal im TS vorbei:IP ts.tko-gameserver.de 
﻿18:57:14 : RCon admin #0: (Global) Willkommen auf Livonia by TKO Gameserver 
﻿18:57:14 : RCon admin #0: (Global) Join on TS ts.tko-gameserver.de or visit discord.gg/rDxWpXb 
﻿18:57:15 : RCon admin #0: (Global) Play Fair and have Fun 
﻿19:06:01 : Player #0 gRunt (84.44.151.97:2332) connected
﻿19:06:02 : Connected to BE Master
﻿19:06:03 : Player #0 gRunt - BE GUID: 8df8e15dcb5150e6593383c2eaf6a5ed
﻿19:06:03 : Verified GUID (8df8e15dcb5150e6593383c2eaf6a5ed) of player #0 gRunt
﻿19:07:14 : RCon admin #0: (Global) Willkommen auf Livonia by TKO Gameserver 
﻿19:07:14 : RCon admin #0: (Global) Besucht uns auch auf Chernerus 2035/ Weferlingen  
﻿19:07:15 : RCon admin #0: (Global) Für Fragen oder Probleme im TS ts.tko-gameserver.de melden 
﻿19:07:29 : Player #1 Holzauge (79.252.94.83:2332) connected
﻿19:07:30 : Player #1 Holzauge - BE GUID: af4455d4805505d3ae7762da6683443f
﻿19:07:30 : Verified GUID (af4455d4805505d3ae7762da6683443f) of player #1 Holzauge
﻿19:08:59 : Player #2 Havoc (213.196.212.225:25516) connected
﻿19:09:01 : Player #2 Havoc - BE GUID: d620d0d7be56205b83b59ed1bfeeb42e
﻿19:09:01 : Verified GUID (d620d0d7be56205b83b59ed1bfeeb42e) of player #2 Havoc
﻿19:12:14 : RCon admin #0: (Global) !!! Achtung Base Maintain alle 14 Tage !!!
﻿19:15:14 : RCon admin #0: (Global) Not allowed to Build on Building or Road 
﻿19:17:14 : RCon admin #0: (Global) Willkommen auf Livonia by TKO Gameserver 
﻿19:18:14 : RCon admin #0: (Global) No whine and play fair 
﻿19:22:14 : RCon admin #0: (Global) be careful ai have launcher 
﻿19:27:14 : RCon admin #0: (Global) Willkommen auf Livonia by TKO Gameserver 
﻿19:27:14 : RCon admin #0: (Global) Join on TS ts.tko-gameserver.de or visit discord.gg/rDxWpXb 
﻿19:32:14 : RCon admin #0: (Global) !!! Achtung Base Maintain alle 14 Tage !!!
﻿19:32:14 : RCon admin #0: (Global) Besucht uns auch auf Chernerus 2035/ Weferlingen  
﻿19:37:14 : RCon admin #0: (Global) Willkommen auf Livonia by TKO Gameserver 
﻿19:40:14 : RCon admin #0: (Global) schaut mal im TS vorbei:IP ts.tko-gameserver.de 
﻿19:42:14 : RCon admin #0: (Global) Für Fragen oder Probleme im TS ts.tko-gameserver.de melden 
﻿19:46:14 : RCon admin #0: (Global) No whine and play fair 
﻿19:47:14 : RCon admin #0: (Global) Willkommen auf Livonia by TKO Gameserver 
﻿19:47:14 : RCon admin #0: (Global) Play Fair and have Fun 
﻿19:52:14 : RCon admin #0: (Global) !!! Achtung Base Maintain alle 14 Tage !!!
﻿19:53:14 : RCon admin #0: (Global) Not allowed to Build on Building or Road 
﻿19:57:14 : RCon admin #0: (Global) Willkommen auf Livonia by TKO Gameserver 
﻿19:57:14 : RCon admin #0: (Global) Besucht uns auch auf Chernerus 2035/ Weferlingen  
﻿19:57:15 : RCon admin #0: (Global) Join on TS ts.tko-gameserver.de or visit discord.gg/rDxWpXb 
﻿20:02:14 : RCon admin #0: (Global) be careful ai have launcher 
﻿20:07:14 : RCon admin #0: (Global) Willkommen auf Livonia by TKO Gameserver 
﻿20:08:55 : Player #3 Aps  (88.130.52.231:21407) connected
﻿20:09:01 : Player #3 Aps  - BE GUID: 3b48d3d24085a2be49db5eab33670708
﻿20:09:02 : Verified GUID (3b48d3d24085a2be49db5eab33670708) of player #3 Aps 
﻿20:12:14 : RCon admin #0: (Global) !!! Achtung Base Maintain alle 14 Tage !!!
﻿20:14:14 : RCon admin #0: (Global) No whine and play fair 
﻿20:16:28 : Player #1 Holzauge disconnected
﻿20:17:14 : RCon admin #0: (Global) Willkommen auf Livonia by TKO Gameserver 
﻿20:17:14 : RCon admin #0: (Global) Für Fragen oder Probleme im TS ts.tko-gameserver.de melden 
﻿20:22:14 : RCon admin #0: (Global) Besucht uns auch auf Chernerus 2035/ Weferlingen  
﻿20:27:14 : RCon admin #0: (Global) Willkommen auf Livonia by TKO Gameserver 
﻿20:27:14 : RCon admin #0: (Global) Join on TS ts.tko-gameserver.de or visit discord.gg/rDxWpXb 
﻿20:28:14 : RCon admin #0: (Global) schaut mal im TS vorbei:IP ts.tko-gameserver.de 
﻿20:31:14 : RCon admin #0: (Global) Not allowed to Build on Building or Road 
﻿20:32:14 : RCon admin #0: (Global) !!! Achtung Base Maintain alle 14 Tage !!!
﻿20:37:14 : RCon admin #0: (Global) Willkommen auf Livonia by TKO Gameserver 
﻿20:37:14 : RCon admin #0: (Global) Play Fair and have Fun 
﻿20:42:14 : RCon admin #0: (Global) No whine and play fair 
﻿20:42:14 : RCon admin #0: (Global) be careful ai have launcher 
﻿20:43:48 : Player #4 Thomas (188.74.10.55:2332) connected
﻿20:43:49 : Player #4 Thomas - BE GUID: f1ea2b7e00f68c18d66620b2536542d2
﻿20:43:50 : Verified GUID (f1ea2b7e00f68c18d66620b2536542d2) of player #4 Thomas
﻿20:47:14 : RCon admin #0: (Global) Willkommen auf Livonia by TKO Gameserver 
﻿20:47:14 : RCon admin #0: (Global) Besucht uns auch auf Chernerus 2035/ Weferlingen  
﻿20:50:44 : Player #5 Schnuller (84.59.15.212:2332) connected
﻿20:50:45 : Player #5 Schnuller - BE GUID: 37dea37a438c1af1807a4c7cecb7afb1
﻿20:50:45 : Player #5 Schnuller disconnected
﻿20:52:14 : RCon admin #0: (Global) !!! Achtung Base Maintain alle 14 Tage !!!
﻿20:52:14 : RCon admin #0: (Global) Für Fragen oder Probleme im TS ts.tko-gameserver.de melden 
﻿20:57:14 : RCon admin #0: (Global) Willkommen auf Livonia by TKO Gameserver 
﻿20:57:14 : RCon admin #0: (Global) Join on TS ts.tko-gameserver.de or visit discord.gg/rDxWpXb 
﻿21:02:54 : Player #5 Schnuller (84.59.15.212:2332) connected
﻿21:02:56 : Player #5 Schnuller - BE GUID: 37dea37a438c1af1807a4c7cecb7afb1
﻿21:02:56 : Verified GUID (37dea37a438c1af1807a4c7cecb7afb1) of player #5 Schnuller
﻿21:07:14 : RCon admin #0: (Global) Willkommen auf Livonia by TKO Gameserver 
﻿21:09:14 : RCon admin #0: (Global) Not allowed to Build on Building or Road 
﻿21:10:14 : RCon admin #0: (Global) No whine and play fair 
﻿21:12:14 : RCon admin #0: (Global) !!! Achtung Base Maintain alle 14 Tage !!!
﻿21:12:14 : RCon admin #0: (Global) Besucht uns auch auf Chernerus 2035/ Weferlingen  
﻿21:16:14 : RCon admin #0: (Global) schaut mal im TS vorbei:IP ts.tko-gameserver.de 
﻿21:17:14 : RCon admin #0: (Global) Willkommen auf Livonia by TKO Gameserver 
﻿21:22:14 : RCon admin #0: (Global) be careful ai have launcher 
﻿21:27:14 : RCon admin #0: (Global) Willkommen auf Livonia by TKO Gameserver 
﻿21:27:14 : RCon admin #0: (Global) Join on TS ts.tko-gameserver.de or visit discord.gg/rDxWpXb 
﻿21:27:15 : RCon admin #0: (Global) Für Fragen oder Probleme im TS ts.tko-gameserver.de melden 
﻿21:27:15 : RCon admin #0: (Global) Play Fair and have Fun 
﻿21:31:30 : Player #4 Thomas disconnected
﻿21:32:14 : RCon admin #0: (Global) !!! Achtung Base Maintain alle 14 Tage !!!
﻿21:33:31 : Player #3 Aps  disconnected
﻿21:36:34 : Player #6 Aps  (88.130.52.231:21407) connected
﻿21:36:35 : Player #6 Aps  - BE GUID: 3b48d3d24085a2be49db5eab33670708
﻿21:36:36 : Verified GUID (3b48d3d24085a2be49db5eab33670708) of player #6 Aps 
﻿21:37:14 : RCon admin #0: (Global) Willkommen auf Livonia by TKO Gameserver 
﻿21:37:14 : RCon admin #0: (Global) Besucht uns auch auf Chernerus 2035/ Weferlingen  
﻿21:38:14 : RCon admin #0: (Global) No whine and play fair 
﻿21:47:14 : RCon admin #0: (Global) Willkommen auf Livonia by TKO Gameserver 
﻿21:47:14 : RCon admin #0: (Global) Not allowed to Build on Building or Road 
﻿21:52:14 : RCon admin #0: (Global) !!! Achtung Base Maintain alle 14 Tage !!!
﻿21:57:14 : RCon admin #0: (Global) Willkommen auf Livonia by TKO Gameserver 
﻿21:57:14 : RCon admin #0: (Global) Join on TS ts.tko-gameserver.de or visit discord.gg/rDxWpXb 
﻿21:57:34 : Player #6 Aps  disconnected
﻿21:57:35 : Player #2 Havoc disconnected
﻿21:57:38 : Player #0 gRunt disconnected
﻿21:57:40 : Player #5 Schnuller disconnected
﻿21:58:02 : Player #0 Schnuller (84.59.15.212:2332) connected
﻿21:58:02 : Player #1 gRunt (84.44.151.97:2332) connected
﻿21:58:03 : Player #0 Schnuller - BE GUID: 37dea37a438c1af1807a4c7cecb7afb1
﻿21:58:04 : Verified GUID (37dea37a438c1af1807a4c7cecb7afb1) of player #0 Schnuller
﻿21:58:04 : Player #1 gRunt - BE GUID: 8df8e15dcb5150e6593383c2eaf6a5ed
﻿21:58:04 : Verified GUID (8df8e15dcb5150e6593383c2eaf6a5ed) of player #1 gRunt
﻿22:00:24 : Player #2 Aps  (88.130.52.231:21407) connected
﻿22:00:26 : Player #2 Aps  - BE GUID: 3b48d3d24085a2be49db5eab33670708
﻿22:00:26 : Verified GUID (3b48d3d24085a2be49db5eab33670708) of player #2 Aps 
﻿22:02:14 : RCon admin #0: (Global) Besucht uns auch auf Chernerus 2035/ Weferlingen  
﻿22:02:14 : RCon admin #0: (Global) Für Fragen oder Probleme im TS ts.tko-gameserver.de melden 
﻿22:02:15 : RCon admin #0: (Global) be careful ai have launcher 
﻿22:04:14 : RCon admin #0: (Global) schaut mal im TS vorbei:IP ts.tko-gameserver.de 
﻿22:06:14 : RCon admin #0: (Global) No whine and play fair 
﻿22:07:14 : RCon admin #0: (Global) Willkommen auf Livonia by TKO Gameserver 
﻿22:12:14 : RCon admin #0: (Global) !!! Achtung Base Maintain alle 14 Tage !!!
﻿22:17:14 : RCon admin #0: (Global) Willkommen auf Livonia by TKO Gameserver 
﻿22:17:14 : RCon admin #0: (Global) Play Fair and have Fun 
﻿22:25:14 : RCon admin #0: (Global) Not allowed to Build on Building or Road 
﻿22:27:14 : RCon admin #0: (Global) Willkommen auf Livonia by TKO Gameserver 
﻿22:27:14 : RCon admin #0: (Global) Besucht uns auch auf Chernerus 2035/ Weferlingen  
﻿22:27:15 : RCon admin #0: (Global) Join on TS ts.tko-gameserver.de or visit discord.gg/rDxWpXb 
﻿22:32:14 : RCon admin #0: (Global) !!! Achtung Base Maintain alle 14 Tage !!!
﻿22:34:14 : RCon admin #0: (Global) No whine and play fair 
﻿22:37:14 : RCon admin #0: (Global) Willkommen auf Livonia by TKO Gameserver 
﻿22:37:14 : RCon admin #0: (Global) Für Fragen oder Probleme im TS ts.tko-gameserver.de melden 
﻿22:42:14 : RCon admin #0: (Global) be careful ai have launcher 
﻿22:47:14 : RCon admin #0: (Global) Willkommen auf Livonia by TKO Gameserver 
﻿22:52:14 : RCon admin #0: (Global) !!! Achtung Base Maintain alle 14 Tage !!!
﻿22:52:14 : RCon admin #0: (Global) Besucht uns auch auf Chernerus 2035/ Weferlingen  
﻿22:52:15 : RCon admin #0: (Global) schaut mal im TS vorbei:IP ts.tko-gameserver.de 
﻿22:57:14 : RCon admin #0: (Global) Willkommen auf Livonia by TKO Gameserver 
﻿22:57:14 : RCon admin #0: (Global) Join on TS ts.tko-gameserver.de or visit discord.gg/rDxWpXb 
﻿22:58:19 : Player #2 Aps  (3b48d3d24085a2be49db5eab33670708) has been kicked by BattlEye: Client not responding
﻿23:00:29 : Player #2 Aps  (88.130.52.231:21407) connected
﻿23:00:31 : Player #2 Aps  - BE GUID: 3b48d3d24085a2be49db5eab33670708
﻿23:00:31 : Verified GUID (3b48d3d24085a2be49db5eab33670708) of player #2 Aps 
﻿23:01:53 : Player #3 Havoc (213.196.212.225:25539) connected
﻿23:01:55 : Player #3 Havoc - BE GUID: d620d0d7be56205b83b59ed1bfeeb42e
﻿23:01:55 : Verified GUID (d620d0d7be56205b83b59ed1bfeeb42e) of player #3 Havoc
﻿23:02:14 : RCon admin #0: (Global) No whine and play fair 
﻿23:03:14 : RCon admin #0: (Global) Not allowed to Build on Building or Road 
﻿23:07:14 : RCon admin #0: (Global) Willkommen auf Livonia by TKO Gameserver 
﻿23:07:14 : RCon admin #0: (Global) Play Fair and have Fun 
﻿23:10:37 : Player #3 Havoc disconnected
﻿23:12:14 : RCon admin #0: (Global) !!! Achtung Base Maintain alle 14 Tage !!!
﻿23:12:14 : RCon admin #0: (Global) Für Fragen oder Probleme im TS ts.tko-gameserver.de melden 
﻿23:17:14 : RCon admin #0: (Global) Willkommen auf Livonia by TKO Gameserver 
﻿23:17:14 : RCon admin #0: (Global) Besucht uns auch auf Chernerus 2035/ Weferlingen  
﻿23:19:51 : Player #0 Schnuller disconnected
﻿23:20:07 : Player #1 gRunt disconnected
﻿23:20:16 : Player #2 Aps  disconnected
﻿23:21:00 : Lost Connection!
﻿23:21:00 : Closing socket & exiting!
﻿23:24:26 : Starting plugin : WatchDog V.0.16
﻿23:24:26 : Creating watchdog for admin file...
﻿23:24:26 : Creating watchdog for command file...
﻿23:24:26 : Creating watchdog for badwords file...
﻿23:24:26 : Creating watchdog for badnames file...
﻿23:24:26 : Creating watchdog for BE filter files...
﻿23:24:30 : Rcon client logging in
﻿23:24:30 : RCon admin #0 (213.202.230.166:49723) logged in
﻿23:24:36 : Player #0 Thomas (188.74.10.55:2332) connected
﻿23:24:36 : Connected to BE Master
﻿23:24:37 : Player #0 Thomas - BE GUID: f1ea2b7e00f68c18d66620b2536542d2
﻿23:24:38 : Verified GUID (f1ea2b7e00f68c18d66620b2536542d2) of player #0 Thomas
﻿23:28:39 : Player #1 Schnuller (84.59.15.212:2332) connected
﻿23:28:40 : Player #1 Schnuller - BE GUID: 37dea37a438c1af1807a4c7cecb7afb1
﻿23:28:41 : Verified GUID (37dea37a438c1af1807a4c7cecb7afb1) of player #1 Schnuller
﻿23:29:30 : RCon admin #0: (Global) Willkommen auf Livonia by TKO Gameserver 
﻿23:30:00 : RCon admin #0: (Global) Server startet in 30 Minuten neu!
﻿23:34:30 : RCon admin #0: (Global) !!! Achtung Base Maintain alle 14 Tage !!!
﻿23:39:30 : RCon admin #0: (Global) Willkommen auf Livonia by TKO Gameserver 
﻿23:39:30 : RCon admin #0: (Global) Besucht uns auch auf Chernerus 2035/ Weferlingen  
﻿23:44:30 : RCon admin #0: (Global) No whine and play fair 
﻿23:45:00 : RCon admin #0: (Global) Server startet in 15 Minuten neu!
﻿23:49:30 : RCon admin #0: (Global) Willkommen auf Livonia by TKO Gameserver 
﻿23:49:30 : RCon admin #0: (Global) Join on TS ts.tko-gameserver.de or visit discord.gg/rDxWpXb 
﻿23:53:38 : Player #0 Thomas disconnected
﻿23:54:30 : RCon admin #0: (Global) !!! Achtung Base Maintain alle 14 Tage !!!
﻿23:54:30 : RCon admin #0: (Global) Für Fragen oder Probleme im TS ts.tko-gameserver.de melden 
﻿23:54:54 : Player #2 Thomas (188.74.10.55:2332) connected
﻿23:54:55 : Player #2 Thomas - BE GUID: f1ea2b7e00f68c18d66620b2536542d2
﻿23:54:56 : Verified GUID (f1ea2b7e00f68c18d66620b2536542d2) of player #2 Thomas
﻿23:58:17 : Player #1 Schnuller disconnected
﻿23:58:23 : Lost Connection!
﻿23:58:23 : Closing socket & exiting!
